#
# There is insufficient memory for the Java Runtime Environment to continue.
# Native memory allocation (mmap) failed to map 197132288 bytes for G1 virtual space
# Possible reasons:
#   The system is out of physical RAM or swap space
#   The process is running with CompressedOops enabled, and the Java Heap may be blocking the growth of the native heap
# Possible solutions:
#   Reduce memory load on the system
#   Increase physical memory or swap space
#   Check if swap backing store is full
#   Decrease Java heap size (-Xmx/-Xms)
#   Decrease number of Java threads
#   Decrease Java thread stack sizes (-Xss)
#   Set larger code cache with -XX:ReservedCodeCacheSize=
#   JVM is running with Zero Based Compressed Oops mode in which the Java heap is
#     placed in the first 32GB address space. The Java Heap base address is the
#     maximum limit for the native heap growth. Please use -XX:HeapBaseMinAddress
#     to set the Java Heap base and to place the Java Heap above 32GB virtual address.
# This output file may be truncated or incomplete.
#
#  Out of Memory Error (os_windows.cpp:3600), pid=23900, tid=16780
#
# JRE version:  (21.0.3+7) (build )
# Java VM: Java HotSpot(TM) 64-Bit Server VM (21.0.3+7-LTS-152, mixed mode, sharing, tiered, compressed oops, compressed class ptrs, g1 gc, windows-amd64)
# No core dump will be written. Minidumps are not enabled by default on client versions of Windows
#

---------------  S U M M A R Y ------------

Command Line: C:\Users\DELL\AppData\Local\Temp\surefire14848412169974312217\surefirebooter-20240501122218415_3.jar C:\Users\DELL\AppData\Local\Temp\surefire14848412169974312217 2024-05-01T12-22-18_240-jvmRun1 surefire-20240501122218415_1tmp surefire_0-20240501122218415_2tmp

Host: 11th Gen Intel(R) Core(TM) i5-1135G7 @ 2.40GHz, 8 cores, 11G,  Windows 11 , 64 bit Build 22621 (10.0.22621.1245)
Time: Wed May  1 12:22:18 2024 Sri Lanka Standard Time elapsed time: 0.020159 seconds (0d 0h 0m 0s)

---------------  T H R E A D  ---------------

Current thread (0x0000017f7f7898d0):  JavaThread "Unknown thread" [_thread_in_vm, id=16780, stack(0x0000003461200000,0x0000003461300000) (1024K)]

Stack: [0x0000003461200000,0x0000003461300000]
Native frames: (J=compiled Java code, j=interpreted, Vv=VM code, C=native code)
V  [jvm.dll+0x6c63b9]
V  [jvm.dll+0x84fa11]
V  [jvm.dll+0x851f3e]
V  [jvm.dll+0x852613]
V  [jvm.dll+0x27cd46]
V  [jvm.dll+0x6c2b55]
V  [jvm.dll+0x6b76da]
V  [jvm.dll+0x35051a]
V  [jvm.dll+0x358176]
V  [jvm.dll+0x3aa84e]
V  [jvm.dll+0x3aaaf8]
V  [jvm.dll+0x32491c]
V  [jvm.dll+0x32547b]
V  [jvm.dll+0x818f69]
V  [jvm.dll+0x3b7771]
V  [jvm.dll+0x802358]
V  [jvm.dll+0x44c7ce]
V  [jvm.dll+0x44e2a1]
C  [jli.dll+0x52a3]
C  [ucrtbase.dll+0x29363]
C  [KERNEL32.DLL+0x126bd]
C  [ntdll.dll+0x5dfb8]


---------------  P R O C E S S  ---------------

Threads class SMR info:
_java_thread_list=0x00007ffd84fc1b88, length=0, elements={
}

Java Threads: ( => current thread )
Total: 0

Other Threads:
  0x0000017f7f7d5dc0 WorkerThread "GC Thread#0"                     [id=24476, stack(0x0000003461300000,0x0000003461400000) (1024K)]
  0x0000017f7f7e2870 ConcurrentGCThread "G1 Main Marker"            [id=20356, stack(0x0000003461400000,0x0000003461500000) (1024K)]
  0x0000017f7f7e3580 WorkerThread "G1 Conc#0"                       [id=7236, stack(0x0000003461500000,0x0000003461600000) (1024K)]

[error occurred during error reporting (printing all threads), id 0xc0000005, EXCEPTION_ACCESS_VIOLATION (0xc0000005) at pc=0x00007ffd84737077]
VM state: not at safepoint (not fully initialized)

VM Mutex/Monitor currently owned by a thread:  ([mutex/lock_event])
[0x00007ffd85032ea8] Heap_lock - owner thread: 0x0000017f7f7898d0

Heap address: 0x0000000744200000, size: 3006 MB, Compressed Oops mode: Zero based, Oop shift amount: 3

CDS archive(s) mapped at: [0x0000000000000000-0x0000000000000000-0x0000000000000000), size 0, SharedBaseAddress: 0x0000000800000000, ArchiveRelocationMode: 1.
Narrow klass base: 0x0000000000000000, Narrow klass shift: 0, Narrow klass range: 0x0

GC Precious Log:
 CardTable entry size: 512
 Card Set container configuration: InlinePtr #cards 4 size 8 Array Of Cards #cards 16 size 48 Howl #buckets 8 coarsen threshold 3686 Howl Bitmap #cards 512 size 80 coarsen threshold 460 Card regions per heap region 1 cards per card region 4096

Heap:
 garbage-first heap   total 0K, used 0K [0x0000000744200000, 0x0000000800000000)
  region size 2048K, 0 young (0K), 0 survivors (0K)

[error occurred during error reporting (printing heap information), id 0xc0000005, EXCEPTION_ACCESS_VIOLATION (0xc0000005) at pc=0x00007ffd84b1e669]
GC Heap History (0 events):
No events

Dll operation events (1 events):
Event: 0.014 Loaded shared library C:\Program Files\Java\jdk-21\bin\java.dll

Deoptimization events (0 events):
No events

Classes loaded (0 events):
No events

Classes unloaded (0 events):
No events

Classes redefined (0 events):
No events

Internal exceptions (0 events):
No events

ZGC Phase Switch (0 events):
No events

VM Operations (0 events):
No events

Events (0 events):
No events


Dynamic libraries:
0x00007ff70a5d0000 - 0x00007ff70a5e0000 	C:\Program Files\Java\jdk-21\bin\java.exe
0x00007ffe1fd50000 - 0x00007ffe1ff64000 	C:\WINDOWS\SYSTEM32\ntdll.dll
0x00007ffe1e9d0000 - 0x00007ffe1ea93000 	C:\WINDOWS\System32\KERNEL32.DLL
0x00007ffe1d190000 - 0x00007ffe1d52c000 	C:\WINDOWS\System32\KERNELBASE.dll
0x00007ffe1d9d0000 - 0x00007ffe1dae1000 	C:\WINDOWS\System32\ucrtbase.dll
0x00007ffd85490000 - 0x00007ffd854a9000 	C:\Program Files\Java\jdk-21\bin\jli.dll
0x00007ffd85470000 - 0x00007ffd8548b000 	C:\Program Files\Java\jdk-21\bin\VCRUNTIME140.dll
0x00007ffe1eb70000 - 0x00007ffe1ec1e000 	C:\WINDOWS\System32\ADVAPI32.dll
0x00007ffe1e840000 - 0x00007ffe1e8e7000 	C:\WINDOWS\System32\msvcrt.dll
0x00007ffe1ec20000 - 0x00007ffe1ecc4000 	C:\WINDOWS\System32\sechost.dll
0x00007ffe1dc80000 - 0x00007ffe1dd95000 	C:\WINDOWS\System32\RPCRT4.dll
0x00007ffe1dda0000 - 0x00007ffe1df4d000 	C:\WINDOWS\System32\USER32.dll
0x00007ffe1d5d0000 - 0x00007ffe1d5f6000 	C:\WINDOWS\System32\win32u.dll
0x00007ffe00d90000 - 0x00007ffe0101e000 	C:\WINDOWS\WinSxS\amd64_microsoft.windows.common-controls_6595b64144ccf1df_6.0.22621.436_none_a94247dbc10d8414\COMCTL32.dll
0x00007ffe1ef10000 - 0x00007ffe1ef39000 	C:\WINDOWS\System32\GDI32.dll
0x00007ffe1d830000 - 0x00007ffe1d942000 	C:\WINDOWS\System32\gdi32full.dll
0x00007ffe1d530000 - 0x00007ffe1d5ca000 	C:\WINDOWS\System32\msvcp_win.dll
0x00007ffe1be30000 - 0x00007ffe1be3a000 	C:\WINDOWS\SYSTEM32\VERSION.dll
0x00007ffe1ed30000 - 0x00007ffe1ed62000 	C:\WINDOWS\System32\IMM32.DLL
0x00007ffd85460000 - 0x00007ffd8546c000 	C:\Program Files\Java\jdk-21\bin\vcruntime140_1.dll
0x00007ffd853d0000 - 0x00007ffd8545e000 	C:\Program Files\Java\jdk-21\bin\msvcp140.dll
0x00007ffd84400000 - 0x00007ffd8510d000 	C:\Program Files\Java\jdk-21\bin\server\jvm.dll
0x00007ffe1eaf0000 - 0x00007ffe1eb61000 	C:\WINDOWS\System32\WS2_32.dll
0x00007ffe1c070000 - 0x00007ffe1c0bd000 	C:\WINDOWS\SYSTEM32\POWRPROF.dll
0x00007ffe1a930000 - 0x00007ffe1a964000 	C:\WINDOWS\SYSTEM32\WINMM.dll
0x00007ffe1c050000 - 0x00007ffe1c063000 	C:\WINDOWS\SYSTEM32\UMPDC.dll
0x00007ffe1c2a0000 - 0x00007ffe1c2b8000 	C:\WINDOWS\SYSTEM32\kernel.appcore.dll
0x00007ffd853c0000 - 0x00007ffd853ca000 	C:\Program Files\Java\jdk-21\bin\jimage.dll
0x00007ffe1a690000 - 0x00007ffe1a8be000 	C:\WINDOWS\SYSTEM32\DBGHELP.DLL
0x00007ffe1e130000 - 0x00007ffe1e4ba000 	C:\WINDOWS\System32\combase.dll
0x00007ffe1e8f0000 - 0x00007ffe1e9c7000 	C:\WINDOWS\System32\OLEAUT32.dll
0x00007ffe1a8f0000 - 0x00007ffe1a922000 	C:\WINDOWS\SYSTEM32\dbgcore.DLL
0x00007ffe1d950000 - 0x00007ffe1d9cb000 	C:\WINDOWS\System32\bcryptPrimitives.dll
0x00007ffd853a0000 - 0x00007ffd853bf000 	C:\Program Files\Java\jdk-21\bin\java.dll

dbghelp: loaded successfully - version: 4.0.5 - missing functions: none
symbol engine: initialized successfully - sym options: 0x614 - pdb path: .;C:\Program Files\Java\jdk-21\bin;C:\WINDOWS\SYSTEM32;C:\WINDOWS\WinSxS\amd64_microsoft.windows.common-controls_6595b64144ccf1df_6.0.22621.436_none_a94247dbc10d8414;C:\Program Files\Java\jdk-21\bin\server

VM Arguments:
java_command: C:\Users\DELL\AppData\Local\Temp\surefire14848412169974312217\surefirebooter-20240501122218415_3.jar C:\Users\DELL\AppData\Local\Temp\surefire14848412169974312217 2024-05-01T12-22-18_240-jvmRun1 surefire-20240501122218415_1tmp surefire_0-20240501122218415_2tmp
java_class_path (initial): C:\Users\DELL\AppData\Local\Temp\surefire14848412169974312217\surefirebooter-20240501122218415_3.jar
Launcher Type: SUN_STANDARD

[Global flags]
     intx CICompilerCount                          = 4                                         {product} {ergonomic}
     uint ConcGCThreads                            = 2                                         {product} {ergonomic}
     uint G1ConcRefinementThreads                  = 8                                         {product} {ergonomic}
   size_t G1HeapRegionSize                         = 2097152                                   {product} {ergonomic}
    uintx GCDrainStackTargetSize                   = 64                                        {product} {ergonomic}
   size_t InitialHeapSize                          = 197132288                                 {product} {ergonomic}
   size_t MarkStackSize                            = 4194304                                   {product} {ergonomic}
   size_t MaxHeapSize                              = 3152019456                                {product} {ergonomic}
   size_t MinHeapDeltaBytes                        = 2097152                                   {product} {ergonomic}
   size_t MinHeapSize                              = 8388608                                   {product} {ergonomic}
    uintx NonNMethodCodeHeapSize                   = 5839372                                {pd product} {ergonomic}
    uintx NonProfiledCodeHeapSize                  = 122909434                              {pd product} {ergonomic}
    uintx ProfiledCodeHeapSize                     = 122909434                              {pd product} {ergonomic}
    uintx ReservedCodeCacheSize                    = 251658240                              {pd product} {ergonomic}
     bool SegmentedCodeCache                       = true                                      {product} {ergonomic}
   size_t SoftMaxHeapSize                          = 3152019456                             {manageable} {ergonomic}
     bool UseCompressedOops                        = true                           {product lp64_product} {ergonomic}
     bool UseG1GC                                  = true                                      {product} {ergonomic}
     bool UseLargePagesIndividualAllocation        = false                                  {pd product} {ergonomic}

Logging:
Log output configuration:
 #0: stdout all=warning uptime,level,tags foldmultilines=false
 #1: stderr all=off uptime,level,tags foldmultilines=false

Environment Variables:
JAVA_HOME=E:\Download files my pc\jdk-21_windows-x64_bin\jdk-21.0.2\bin
PATH=C:\Program Files\Common Files\Oracle\Java\javapath;C:\Program Files (x86)\Common Files\Oracle\Java\java8path;C:\Program Files (x86)\Common Files\Oracle\Java\javapath;C:\WINDOWS\system32;C:\WINDOWS;C:\WINDOWS\System32\Wbem;C:\WINDOWS\System32\WindowsPowerShell\v1.0\;C:\WINDOWS\System32\OpenSSH\;C:\Program Files\Microsoft SQL Server\Client SDK\ODBC\170\Tools\Binn\;C:\Program Files (x86)\Microsoft SQL Server\150\Tools\Binn\;C:\Program Files\Microsoft SQL Server\150\Tools\Binn\;C:\Program Files\Microsoft SQL Server\150\DTS\Binn\;C:\Program Files\Azure Data Studio\bin;C:\Program Files\dotnet\;C:\Program Files (x86)\NVIDIA Corporation\PhysX\Common;C:\Program Files\Git\cmd;C:\Program Files\nodejs\;E:\Download files my pc\jdk-21_windows-x64_bin\jdk-21.0.2\bin;C:\Users\DELL\Downloads\apache-maven-3.9.6-bin\apache-maven-3.9.6\bin;G:\Not Important to current sem\Softwares\gradle-8.7-all\gradle-8.7\bin;C:\Program Files\Java\jdk-21\bin;C:\Program Files\Docker\Docker\resources\bin;G:\Not Important to current sem\Softwares\mongodb-windows-x86_64-7.0.8\mongodb-win32-x86_64-windows-7.0.8\bin;G:\Not Important to current sem\Softwares\mongosh-2.2.4-win32-x64.zip\mongosh-2.2.4-win32-x64\bin;G:\Not Important to current sem\Softwares\apache-maven-3.9.6-bin\apache-maven-3.9.6\bin;C:\Users\DELL\AppData\Local\Programs\Python\Launcher\;C:\Program Files\MySQL\MySQL Shell 8.0\bin\;C:\Users\DELL\AppData\Local\Microsoft\WindowsApps;C:\Program Files\JetBrains\IntelliJ IDEA Community Edition 2022.3.2\bin;C:\Program Files\Azure Data Studio\bin;C:\Users\DELL\AppData\Local\Programs\Microsoft VS Code\bin;C:\Users\DELL\AppData\Roaming\npm;C:\Program Files\JetBrains\WebStorm 2024.1\bin;C:\Program Files\JetBrains\IntelliJ IDEA 2023.3.5\bin;C:\Users\DELL\AppData\Local\Programs\Hyper\resources\bin;C:\Users\DELL\AppData\Local\Programs\mongosh\
USERNAME=DELL
OS=Windows_NT
PROCESSOR_IDENTIFIER=Intel64 Family 6 Model 140 Stepping 1, GenuineIntel
TMP=C:\Users\DELL\AppData\Local\Temp
TEMP=C:\Users\DELL\AppData\Local\Temp




Periodic native trim disabled

---------------  S Y S T E M  ---------------

OS:
 Windows 11 , 64 bit Build 22621 (10.0.22621.1245)
OS uptime: 1 days 15:54 hours
Hyper-V role detected

CPU: total 8 (initial active 8) (4 cores per cpu, 2 threads per core) family 6 model 140 stepping 1 microcode 0xb4, cx8, cmov, fxsr, ht, mmx, 3dnowpref, sse, sse2, sse3, ssse3, sse4.1, sse4.2, popcnt, lzcnt, tsc, tscinvbit, avx, avx2, aes, erms, clmul, bmi1, bmi2, adx, avx512f, avx512dq, avx512cd, avx512bw, avx512vl, sha, fma, vzeroupper, avx512_vpopcntdq, avx512_vpclmulqdq, avx512_vaes, avx512_vnni, clflush, clflushopt, clwb, avx512_vbmi2, avx512_vbmi, hv, rdtscp, rdpid, fsrm, gfni, avx512_bitalg, f16c, cet_ibt, cet_ss, avx512_ifma
Processor Information for all 8 processors :
  Max Mhz: 2419, Current Mhz: 2318, Mhz Limit: 2419

Memory: 4k page, system-wide physical 12022M (528M free)
TotalPageFile size 25905M (AvailPageFile size 99M)
current process WorkingSet (physical memory assigned to process): 11M, peak: 11M
current process commit charge ("private bytes"): 60M, peak: 248M

vm_info: Java HotSpot(TM) 64-Bit Server VM (21.0.3+7-LTS-152) for windows-amd64 JRE (21.0.3+7-LTS-152), built on 2024-03-11T17:42:26Z by "mach5one" with MS VC++ 17.6 (VS2022)

END.
