#
# There is insufficient memory for the Java Runtime Environment to continue.
# Native memory allocation (mmap) failed to map 356515840 bytes for G1 virtual space
# Possible reasons:
#   The system is out of physical RAM or swap space
#   The process is running with CompressedOops enabled, and the Java Heap may be blocking the growth of the native heap
# Possible solutions:
#   Reduce memory load on the system
#   Increase physical memory or swap space
#   Check if swap backing store is full
#   Decrease Java heap size (-Xmx/-Xms)
#   Decrease number of Java threads
#   Decrease Java thread stack sizes (-Xss)
#   Set larger code cache with -XX:ReservedCodeCacheSize=
#   JVM is running with Unscaled Compressed Oops mode in which the Java heap is
#     placed in the first 4GB address space. The Java Heap base address is the
#     maximum limit for the native heap growth. Please use -XX:HeapBaseMinAddress
#     to set the Java Heap base and to place the Java Heap above 4GB virtual address.
# This output file may be truncated or incomplete.
#
#  Out of Memory Error (os_windows.cpp:3825), pid=14600, tid=7828
#
# JRE version: OpenJDK Runtime Environment JBR-17.0.10+8-1207.12-jcef (17.0.10+8) (build 17.0.10+8-b1207.12)
# Java VM: OpenJDK 64-Bit Server VM JBR-17.0.10+8-1207.12-jcef (17.0.10+8-b1207.12, mixed mode, tiered, compressed oops, compressed class ptrs, g1 gc, windows-amd64)
# No core dump will be written. Minidumps are not enabled by default on client versions of Windows
#

---------------  S U M M A R Y ------------

Command Line: -Djava.rmi.server.hostname=127.0.0.1 -Duser.timezone=UTC -Xmx2048m -Xms128m -Djdbc.classpath=D:\New folder\IntelliJ IDEA 2024.1\plugins\DatabaseTools\lib\jdbc-console.jar;C:\Users\nacha\AppData\Roaming\JetBrains\IntelliJIdea2024.1\jdbc-drivers\MongoDB\1.18\mongo-jdbc-standalone-1.18.jar --add-exports=java.desktop/sun.awt=ALL-UNNAMED --add-exports=java.desktop/java.awt.peer=ALL-UNNAMED --add-opens=java.desktop/java.awt=ALL-UNNAMED --add-opens=jdk.unsupported/sun.misc=ALL-UNNAMED --add-opens=java.base/java.nio=ALL-UNNAMED --add-opens=java.base/java.util=ALL-UNNAMED -Dfile.encoding=UTF-8 com.intellij.database.remote.RemoteJdbcServer com.dbschema.MongoJdbcDriver

Host: 11th Gen Intel(R) Core(TM) i3-1115G4 @ 3.00GHz, 4 cores, 19G,  Windows 11 , 64 bit Build 22621 (10.0.22621.3374)
Time: Mon May 13 17:11:53 2024 Sri Lanka Standard Time elapsed time: 7.911012 seconds (0d 0h 0m 7s)

---------------  T H R E A D  ---------------

Current thread (0x0000019a51d5e040):  VMThread "VM Thread" [stack: 0x0000007a10100000,0x0000007a10200000] [id=7828]

Stack: [0x0000007a10100000,0x0000007a10200000]
Native frames: (J=compiled Java code, j=interpreted, Vv=VM code, C=native code)
V  [jvm.dll+0x687989]
V  [jvm.dll+0x84116a]
V  [jvm.dll+0x842dae]
V  [jvm.dll+0x843413]
V  [jvm.dll+0x249ccf]
V  [jvm.dll+0x684759]
V  [jvm.dll+0x67900a]
V  [jvm.dll+0x30ab0b]
V  [jvm.dll+0x311fb6]
V  [jvm.dll+0x361d5e]
V  [jvm.dll+0x361f8f]
V  [jvm.dll+0x2e07f8]
V  [jvm.dll+0x2de9d4]
V  [jvm.dll+0x2ddfdc]
V  [jvm.dll+0x322fab]
V  [jvm.dll+0x847b0b]
V  [jvm.dll+0x848851]
V  [jvm.dll+0x848d6d]
V  [jvm.dll+0x849144]
V  [jvm.dll+0x849210]
V  [jvm.dll+0x7ef81a]
V  [jvm.dll+0x686805]
C  [ucrtbase.dll+0x29333]
C  [KERNEL32.DLL+0x1257d]
C  [ntdll.dll+0x5aa48]

VM_Operation (0x0000007a112f95f0): G1CollectForAllocation, mode: safepoint, requested by thread 0x0000019a565f6140


---------------  P R O C E S S  ---------------

Threads class SMR info:
_java_thread_list=0x0000019a57f796d0, length=25, elements={
0x0000019a3657ce20, 0x0000019a56012010, 0x0000019a560129e0, 0x0000019a51d85020,
0x0000019a51d85af0, 0x0000019a56031aa0, 0x0000019a56034470, 0x0000019a56035210,
0x0000019a56035cc0, 0x0000019a560a0960, 0x0000019a561987c0, 0x0000019a561a3440,
0x0000019a565cf6a0, 0x0000019a565f6140, 0x0000019a5692d040, 0x0000019a567f44e0,
0x0000019a569503a0, 0x0000019a5676d530, 0x0000019a571c3ed0, 0x0000019a571c5d30,
0x0000019a571c4e00, 0x0000019a571c5310, 0x0000019a571c43e0, 0x0000019a571c2fa0,
0x0000019a57dc7440
}

Java Threads: ( => current thread )
  0x0000019a3657ce20 JavaThread "main" [_thread_blocked, id=9676, stack(0x0000007a0fb00000,0x0000007a0fc00000)]
  0x0000019a56012010 JavaThread "Reference Handler" daemon [_thread_blocked, id=25976, stack(0x0000007a10200000,0x0000007a10300000)]
  0x0000019a560129e0 JavaThread "Finalizer" daemon [_thread_blocked, id=26016, stack(0x0000007a10300000,0x0000007a10400000)]
  0x0000019a51d85020 JavaThread "Signal Dispatcher" daemon [_thread_blocked, id=18392, stack(0x0000007a10400000,0x0000007a10500000)]
  0x0000019a51d85af0 JavaThread "Attach Listener" daemon [_thread_blocked, id=21436, stack(0x0000007a10500000,0x0000007a10600000)]
  0x0000019a56031aa0 JavaThread "Service Thread" daemon [_thread_blocked, id=10092, stack(0x0000007a10600000,0x0000007a10700000)]
  0x0000019a56034470 JavaThread "Monitor Deflation Thread" daemon [_thread_blocked, id=6948, stack(0x0000007a10700000,0x0000007a10800000)]
  0x0000019a56035210 JavaThread "C2 CompilerThread0" daemon [_thread_blocked, id=20348, stack(0x0000007a10800000,0x0000007a10900000)]
  0x0000019a56035cc0 JavaThread "C1 CompilerThread0" daemon [_thread_blocked, id=18424, stack(0x0000007a10900000,0x0000007a10a00000)]
  0x0000019a560a0960 JavaThread "Sweeper thread" daemon [_thread_blocked, id=24276, stack(0x0000007a10a00000,0x0000007a10b00000)]
  0x0000019a561987c0 JavaThread "Common-Cleaner" daemon [_thread_blocked, id=24324, stack(0x0000007a10b00000,0x0000007a10c00000)]
  0x0000019a561a3440 JavaThread "Notification Thread" daemon [_thread_blocked, id=12884, stack(0x0000007a10c00000,0x0000007a10d00000)]
  0x0000019a565cf6a0 JavaThread "MongoShell ExecutorService" daemon [_thread_blocked, id=20284, stack(0x0000007a11100000,0x0000007a11200000)]
  0x0000019a565f6140 JavaThread "MongoShell ExecutorService" daemon [_thread_blocked, id=16612, stack(0x0000007a11200000,0x0000007a11300000)]
  0x0000019a5692d040 JavaThread "RMI TCP Accept-28949" daemon [_thread_in_native, id=7876, stack(0x0000007a11300000,0x0000007a11400000)]
  0x0000019a567f44e0 JavaThread "RMI TCP Accept-0" daemon [_thread_in_native, id=1988, stack(0x0000007a11400000,0x0000007a11500000)]
  0x0000019a569503a0 JavaThread "RMI Reaper" [_thread_blocked, id=18812, stack(0x0000007a11500000,0x0000007a11600000)]
  0x0000019a5676d530 JavaThread "RMI GC Daemon" daemon [_thread_blocked, id=22680, stack(0x0000007a11600000,0x0000007a11700000)]
  0x0000019a571c3ed0 JavaThread "RMI TCP Connection(1)-127.0.0.1" daemon [_thread_in_native, id=20744, stack(0x0000007a11700000,0x0000007a11800000)]
  0x0000019a571c5d30 JavaThread "RMI TCP Connection(2)-127.0.0.1" daemon [_thread_in_native, id=13548, stack(0x0000007a11800000,0x0000007a11900000)]
  0x0000019a571c4e00 JavaThread "RMI TCP Connection(3)-127.0.0.1" daemon [_thread_in_native, id=4708, stack(0x0000007a11900000,0x0000007a11a00000)]
  0x0000019a571c5310 JavaThread "RMI Scheduler(0)" daemon [_thread_blocked, id=25372, stack(0x0000007a11a00000,0x0000007a11b00000)]
  0x0000019a571c43e0 JavaThread "RMI TCP Connection(4)-127.0.0.1" daemon [_thread_in_native, id=10932, stack(0x0000007a11b00000,0x0000007a11c00000)]
  0x0000019a571c2fa0 JavaThread "RMI RenewClean-[127.0.0.1:57357]" daemon [_thread_blocked, id=2256, stack(0x0000007a11c00000,0x0000007a11d00000)]
  0x0000019a57dc7440 JavaThread "C2 CompilerThread1" daemon [_thread_blocked, id=11984, stack(0x0000007a11d00000,0x0000007a11e00000)]

Other Threads:
=>0x0000019a51d5e040 VMThread "VM Thread" [stack: 0x0000007a10100000,0x0000007a10200000] [id=7828]
  0x0000019a560aa7e0 WatcherThread [stack: 0x0000007a10d00000,0x0000007a10e00000] [id=7740]
  0x0000019a365d6460 GCTaskThread "GC Thread#0" [stack: 0x0000007a0fc00000,0x0000007a0fd00000] [id=21104]
  0x0000019a5653e8b0 GCTaskThread "GC Thread#1" [stack: 0x0000007a10e00000,0x0000007a10f00000] [id=11784]
  0x0000019a5653cc70 GCTaskThread "GC Thread#2" [stack: 0x0000007a10f00000,0x0000007a11000000] [id=10904]
  0x0000019a565b0280 GCTaskThread "GC Thread#3" [stack: 0x0000007a11000000,0x0000007a11100000] [id=6744]
  0x0000019a365e73b0 ConcurrentGCThread "G1 Main Marker" [stack: 0x0000007a0fd00000,0x0000007a0fe00000] [id=19212]
  0x0000019a365e8de0 ConcurrentGCThread "G1 Conc#0" [stack: 0x0000007a0fe00000,0x0000007a0ff00000] [id=13912]
  0x0000019a3662d790 ConcurrentGCThread "G1 Refine#0" [stack: 0x0000007a0ff00000,0x0000007a10000000] [id=18220]
  0x0000019a57eb3e10 ConcurrentGCThread "G1 Refine#1" [stack: 0x0000007a11e00000,0x0000007a11f00000] [id=19548]
  0x0000019a58488030 ConcurrentGCThread "G1 Refine#2" [stack: 0x0000007a11f00000,0x0000007a12000000] [id=18784]
  0x0000019a580b5230 ConcurrentGCThread "G1 Refine#3" [stack: 0x0000007a12000000,0x0000007a12100000] [id=16104]
  0x0000019a3662e1c0 ConcurrentGCThread "G1 Service" [stack: 0x0000007a10000000,0x0000007a10100000] [id=22324]

Threads with active compile tasks:
C2 CompilerThread0     7924 4496       4       com.oracle.truffle.js.parser.GraalJSTranslator::enterLiteralNode (35 bytes)
C2 CompilerThread1     7924 4431       4       com.oracle.truffle.js.parser.GraalJSTranslator::enterBinaryNode (301 bytes)

VM state: at safepoint (normal execution)

VM Mutex/Monitor currently owned by a thread:  ([mutex/lock_event])
[0x0000019a365789e0] Threads_lock - owner thread: 0x0000019a51d5e040
[0x0000019a36578290] Heap_lock - owner thread: 0x0000019a565f6140

Heap address: 0x0000000080000000, size: 2048 MB, Compressed Oops mode: 32-bit

CDS archive(s) not mapped
Compressed class space mapped at: 0x0000000100000000-0x0000000140000000, reserved size: 1073741824
Narrow klass base: 0x0000000000000000, Narrow klass shift: 3, Narrow klass range: 0x140000000

GC Precious Log:
 CPUs: 4 total, 4 available
 Memory: 20162M
 Large Page Support: Disabled
 NUMA Support: Disabled
 Compressed Oops: Enabled (32-bit)
 Heap Region Size: 1M
 Heap Min Capacity: 128M
 Heap Initial Capacity: 128M
 Heap Max Capacity: 2G
 Pre-touch: Disabled
 Parallel Workers: 4
 Concurrent Workers: 1
 Concurrent Refinement Workers: 4
 Periodic GC: Disabled

Heap:
 garbage-first heap   total 357376K, used 208896K [0x0000000080000000, 0x0000000100000000)
  region size 1024K, 3 young (3072K), 3 survivors (3072K)
 Metaspace       used 36563K, committed 36800K, reserved 1114112K
  class space    used 3875K, committed 3968K, reserved 1048576K

Heap Regions: E=young(eden), S=young(survivor), O=old, HS=humongous(starts), HC=humongous(continues), CS=collection set, F=free, OA=open archive, CA=closed archive, TAMS=top-at-mark-start (previous, next)
|   0|0x0000000080000000, 0x0000000080100000, 0x0000000080100000|100%|HS|  |TAMS 0x0000000080100000, 0x0000000080000000| Complete 
|   1|0x0000000080100000, 0x0000000080200000, 0x0000000080200000|100%|HC|  |TAMS 0x0000000080200000, 0x0000000080100000| Complete 
|   2|0x0000000080200000, 0x0000000080300000, 0x0000000080300000|100%|HC|  |TAMS 0x0000000080300000, 0x0000000080200000| Complete 
|   3|0x0000000080300000, 0x0000000080400000, 0x0000000080400000|100%|HS|  |TAMS 0x0000000080400000, 0x0000000080300000| Complete 
|   4|0x0000000080400000, 0x0000000080500000, 0x0000000080500000|100%|HC|  |TAMS 0x0000000080500000, 0x0000000080400000| Complete 
|   5|0x0000000080500000, 0x0000000080600000, 0x0000000080600000|100%| O|  |TAMS 0x0000000080600000, 0x0000000080500000| Untracked 
|   6|0x0000000080600000, 0x0000000080700000, 0x0000000080700000|100%| O|  |TAMS 0x0000000080700000, 0x0000000080600000| Untracked 
|   7|0x0000000080700000, 0x0000000080800000, 0x0000000080800000|100%| O|  |TAMS 0x0000000080800000, 0x0000000080700000| Untracked 
|   8|0x0000000080800000, 0x0000000080900000, 0x0000000080900000|100%| O|  |TAMS 0x0000000080900000, 0x0000000080800000| Untracked 
|   9|0x0000000080900000, 0x0000000080a00000, 0x0000000080a00000|100%| O|  |TAMS 0x0000000080a00000, 0x0000000080900000| Untracked 
|  10|0x0000000080a00000, 0x0000000080b00000, 0x0000000080b00000|100%| O|  |TAMS 0x0000000080b00000, 0x0000000080a00000| Untracked 
|  11|0x0000000080b00000, 0x0000000080c00000, 0x0000000080c00000|100%| O|  |TAMS 0x0000000080c00000, 0x0000000080b00000| Untracked 
|  12|0x0000000080c00000, 0x0000000080d00000, 0x0000000080d00000|100%| O|  |TAMS 0x0000000080d00000, 0x0000000080c00000| Untracked 
|  13|0x0000000080d00000, 0x0000000080e00000, 0x0000000080e00000|100%| O|  |TAMS 0x0000000080e00000, 0x0000000080d00000| Untracked 
|  14|0x0000000080e00000, 0x0000000080f00000, 0x0000000080f00000|100%| O|  |TAMS 0x0000000080f00000, 0x0000000080e00000| Untracked 
|  15|0x0000000080f00000, 0x0000000081000000, 0x0000000081000000|100%|HS|  |TAMS 0x0000000081000000, 0x0000000080f00000| Complete 
|  16|0x0000000081000000, 0x0000000081100000, 0x0000000081100000|100%|HC|  |TAMS 0x0000000081100000, 0x0000000081000000| Complete 
|  17|0x0000000081100000, 0x0000000081200000, 0x0000000081200000|100%|HS|  |TAMS 0x0000000081200000, 0x0000000081100000| Complete 
|  18|0x0000000081200000, 0x0000000081300000, 0x0000000081300000|100%|HC|  |TAMS 0x0000000081300000, 0x0000000081200000| Complete 
|  19|0x0000000081300000, 0x0000000081400000, 0x0000000081400000|100%| O|  |TAMS 0x0000000081400000, 0x0000000081300000| Untracked 
|  20|0x0000000081400000, 0x0000000081500000, 0x0000000081500000|100%| O|  |TAMS 0x0000000081500000, 0x0000000081400000| Untracked 
|  21|0x0000000081500000, 0x0000000081600000, 0x0000000081600000|100%| O|  |TAMS 0x0000000081600000, 0x0000000081500000| Untracked 
|  22|0x0000000081600000, 0x0000000081700000, 0x0000000081700000|100%| O|  |TAMS 0x0000000081700000, 0x0000000081600000| Untracked 
|  23|0x0000000081700000, 0x0000000081800000, 0x0000000081800000|100%| O|  |TAMS 0x0000000081800000, 0x0000000081700000| Untracked 
|  24|0x0000000081800000, 0x0000000081900000, 0x0000000081900000|100%| O|  |TAMS 0x0000000081900000, 0x0000000081800000| Untracked 
|  25|0x0000000081900000, 0x0000000081a00000, 0x0000000081a00000|100%| O|  |TAMS 0x0000000081a00000, 0x0000000081900000| Untracked 
|  26|0x0000000081a00000, 0x0000000081b00000, 0x0000000081b00000|100%| O|  |TAMS 0x0000000081b00000, 0x0000000081a00000| Untracked 
|  27|0x0000000081b00000, 0x0000000081c00000, 0x0000000081c00000|100%| O|  |TAMS 0x0000000081c00000, 0x0000000081b00000| Untracked 
|  28|0x0000000081c00000, 0x0000000081d00000, 0x0000000081d00000|100%| O|  |TAMS 0x0000000081d00000, 0x0000000081c00000| Untracked 
|  29|0x0000000081d00000, 0x0000000081e00000, 0x0000000081e00000|100%| O|  |TAMS 0x0000000081e00000, 0x0000000081d00000| Untracked 
|  30|0x0000000081e00000, 0x0000000081f00000, 0x0000000081f00000|100%| O|  |TAMS 0x0000000081f00000, 0x0000000081e00000| Untracked 
|  31|0x0000000081f00000, 0x0000000082000000, 0x0000000082000000|100%| O|  |TAMS 0x0000000082000000, 0x0000000081f00000| Untracked 
|  32|0x0000000082000000, 0x0000000082100000, 0x0000000082100000|100%| O|  |TAMS 0x0000000082100000, 0x0000000082000000| Untracked 
|  33|0x0000000082100000, 0x0000000082200000, 0x0000000082200000|100%| O|  |TAMS 0x0000000082200000, 0x0000000082100000| Untracked 
|  34|0x0000000082200000, 0x0000000082300000, 0x0000000082300000|100%| O|  |TAMS 0x0000000082300000, 0x0000000082200000| Untracked 
|  35|0x0000000082300000, 0x0000000082400000, 0x0000000082400000|100%| O|  |TAMS 0x0000000082400000, 0x0000000082300000| Untracked 
|  36|0x0000000082400000, 0x0000000082500000, 0x0000000082500000|100%| O|  |TAMS 0x0000000082500000, 0x0000000082400000| Untracked 
|  37|0x0000000082500000, 0x0000000082600000, 0x0000000082600000|100%| O|  |TAMS 0x0000000082600000, 0x0000000082500000| Untracked 
|  38|0x0000000082600000, 0x0000000082700000, 0x0000000082700000|100%| O|  |TAMS 0x0000000082700000, 0x0000000082600000| Untracked 
|  39|0x0000000082700000, 0x0000000082800000, 0x0000000082800000|100%| O|  |TAMS 0x0000000082800000, 0x0000000082700000| Untracked 
|  40|0x0000000082800000, 0x0000000082900000, 0x0000000082900000|100%| O|  |TAMS 0x0000000082900000, 0x0000000082800000| Untracked 
|  41|0x0000000082900000, 0x0000000082a00000, 0x0000000082a00000|100%| O|  |TAMS 0x0000000082a00000, 0x0000000082900000| Untracked 
|  42|0x0000000082a00000, 0x0000000082b00000, 0x0000000082b00000|100%| O|  |TAMS 0x0000000082b00000, 0x0000000082a00000| Untracked 
|  43|0x0000000082b00000, 0x0000000082c00000, 0x0000000082c00000|100%| O|  |TAMS 0x0000000082c00000, 0x0000000082b00000| Untracked 
|  44|0x0000000082c00000, 0x0000000082d00000, 0x0000000082d00000|100%| O|  |TAMS 0x0000000082d00000, 0x0000000082c00000| Untracked 
|  45|0x0000000082d00000, 0x0000000082e00000, 0x0000000082e00000|100%| O|  |TAMS 0x0000000082e00000, 0x0000000082d00000| Untracked 
|  46|0x0000000082e00000, 0x0000000082f00000, 0x0000000082f00000|100%| O|  |TAMS 0x0000000082f00000, 0x0000000082e00000| Untracked 
|  47|0x0000000082f00000, 0x0000000083000000, 0x0000000083000000|100%| O|  |TAMS 0x0000000083000000, 0x0000000082f00000| Untracked 
|  48|0x0000000083000000, 0x0000000083100000, 0x0000000083100000|100%| O|  |TAMS 0x0000000083100000, 0x0000000083000000| Untracked 
|  49|0x0000000083100000, 0x0000000083200000, 0x0000000083200000|100%| O|  |TAMS 0x0000000083200000, 0x0000000083100000| Untracked 
|  50|0x0000000083200000, 0x0000000083300000, 0x0000000083300000|100%| O|  |TAMS 0x0000000083300000, 0x0000000083200000| Untracked 
|  51|0x0000000083300000, 0x0000000083400000, 0x0000000083400000|100%| O|  |TAMS 0x0000000083400000, 0x0000000083300000| Untracked 
|  52|0x0000000083400000, 0x0000000083500000, 0x0000000083500000|100%| O|  |TAMS 0x0000000083500000, 0x0000000083400000| Untracked 
|  53|0x0000000083500000, 0x0000000083600000, 0x0000000083600000|100%| O|  |TAMS 0x0000000083600000, 0x0000000083500000| Untracked 
|  54|0x0000000083600000, 0x0000000083700000, 0x0000000083700000|100%| O|  |TAMS 0x0000000083700000, 0x0000000083600000| Untracked 
|  55|0x0000000083700000, 0x0000000083800000, 0x0000000083800000|100%| O|  |TAMS 0x0000000083800000, 0x0000000083700000| Untracked 
|  56|0x0000000083800000, 0x0000000083900000, 0x0000000083900000|100%| O|  |TAMS 0x0000000083900000, 0x0000000083800000| Untracked 
|  57|0x0000000083900000, 0x0000000083a00000, 0x0000000083a00000|100%| O|  |TAMS 0x0000000083a00000, 0x0000000083900000| Untracked 
|  58|0x0000000083a00000, 0x0000000083b00000, 0x0000000083b00000|100%| O|  |TAMS 0x0000000083b00000, 0x0000000083a00000| Untracked 
|  59|0x0000000083b00000, 0x0000000083c00000, 0x0000000083c00000|100%| O|  |TAMS 0x0000000083c00000, 0x0000000083b00000| Untracked 
|  60|0x0000000083c00000, 0x0000000083d00000, 0x0000000083d00000|100%| O|  |TAMS 0x0000000083d00000, 0x0000000083c00000| Untracked 
|  61|0x0000000083d00000, 0x0000000083e00000, 0x0000000083e00000|100%| O|  |TAMS 0x0000000083e00000, 0x0000000083d00000| Untracked 
|  62|0x0000000083e00000, 0x0000000083f00000, 0x0000000083f00000|100%| O|  |TAMS 0x0000000083f00000, 0x0000000083e00000| Untracked 
|  63|0x0000000083f00000, 0x0000000084000000, 0x0000000084000000|100%| O|  |TAMS 0x0000000084000000, 0x0000000083f00000| Untracked 
|  64|0x0000000084000000, 0x0000000084000000, 0x0000000084100000|  0%| F|  |TAMS 0x0000000084000000, 0x0000000084000000| Untracked 
|  65|0x0000000084100000, 0x0000000084200000, 0x0000000084200000|100%| O|  |TAMS 0x0000000084200000, 0x0000000084100000| Untracked 
|  66|0x0000000084200000, 0x0000000084300000, 0x0000000084300000|100%| O|  |TAMS 0x0000000084300000, 0x0000000084200000| Untracked 
|  67|0x0000000084300000, 0x0000000084400000, 0x0000000084400000|100%| O|  |TAMS 0x0000000084400000, 0x0000000084300000| Untracked 
|  68|0x0000000084400000, 0x0000000084500000, 0x0000000084500000|100%| O|  |TAMS 0x0000000084500000, 0x0000000084400000| Untracked 
|  69|0x0000000084500000, 0x0000000084600000, 0x0000000084600000|100%| O|  |TAMS 0x0000000084600000, 0x0000000084500000| Untracked 
|  70|0x0000000084600000, 0x0000000084700000, 0x0000000084700000|100%| O|  |TAMS 0x0000000084700000, 0x0000000084600000| Untracked 
|  71|0x0000000084700000, 0x0000000084800000, 0x0000000084800000|100%| O|  |TAMS 0x0000000084800000, 0x0000000084700000| Untracked 
|  72|0x0000000084800000, 0x0000000084900000, 0x0000000084900000|100%| O|  |TAMS 0x0000000084900000, 0x0000000084800000| Untracked 
|  73|0x0000000084900000, 0x0000000084a00000, 0x0000000084a00000|100%| O|  |TAMS 0x0000000084a00000, 0x0000000084900000| Untracked 
|  74|0x0000000084a00000, 0x0000000084b00000, 0x0000000084b00000|100%| O|  |TAMS 0x0000000084b00000, 0x0000000084a00000| Untracked 
|  75|0x0000000084b00000, 0x0000000084c00000, 0x0000000084c00000|100%| O|  |TAMS 0x0000000084c00000, 0x0000000084b00000| Untracked 
|  76|0x0000000084c00000, 0x0000000084d00000, 0x0000000084d00000|100%| O|  |TAMS 0x0000000084d00000, 0x0000000084c00000| Untracked 
|  77|0x0000000084d00000, 0x0000000084e00000, 0x0000000084e00000|100%| O|  |TAMS 0x0000000084e00000, 0x0000000084d00000| Untracked 
|  78|0x0000000084e00000, 0x0000000084f00000, 0x0000000084f00000|100%| O|  |TAMS 0x0000000084f00000, 0x0000000084e00000| Untracked 
|  79|0x0000000084f00000, 0x0000000085000000, 0x0000000085000000|100%| O|  |TAMS 0x0000000085000000, 0x0000000084f00000| Untracked 
|  80|0x0000000085000000, 0x0000000085100000, 0x0000000085100000|100%| O|  |TAMS 0x0000000085100000, 0x0000000085000000| Untracked 
|  81|0x0000000085100000, 0x0000000085200000, 0x0000000085200000|100%| O|  |TAMS 0x0000000085200000, 0x0000000085100000| Untracked 
|  82|0x0000000085200000, 0x0000000085300000, 0x0000000085300000|100%| O|  |TAMS 0x0000000085300000, 0x0000000085200000| Untracked 
|  83|0x0000000085300000, 0x0000000085400000, 0x0000000085400000|100%| O|  |TAMS 0x0000000085400000, 0x0000000085300000| Untracked 
|  84|0x0000000085400000, 0x0000000085500000, 0x0000000085500000|100%| O|  |TAMS 0x0000000085500000, 0x0000000085400000| Untracked 
|  85|0x0000000085500000, 0x0000000085600000, 0x0000000085600000|100%| O|  |TAMS 0x0000000085600000, 0x0000000085500000| Untracked 
|  86|0x0000000085600000, 0x0000000085700000, 0x0000000085700000|100%| O|  |TAMS 0x0000000085700000, 0x0000000085600000| Untracked 
|  87|0x0000000085700000, 0x0000000085800000, 0x0000000085800000|100%| O|  |TAMS 0x0000000085800000, 0x0000000085700000| Untracked 
|  88|0x0000000085800000, 0x0000000085900000, 0x0000000085900000|100%| O|  |TAMS 0x0000000085900000, 0x0000000085800000| Untracked 
|  89|0x0000000085900000, 0x0000000085a00000, 0x0000000085a00000|100%| O|  |TAMS 0x0000000085a00000, 0x0000000085900000| Untracked 
|  90|0x0000000085a00000, 0x0000000085b00000, 0x0000000085b00000|100%| O|  |TAMS 0x0000000085b00000, 0x0000000085a00000| Untracked 
|  91|0x0000000085b00000, 0x0000000085c00000, 0x0000000085c00000|100%| O|  |TAMS 0x0000000085c00000, 0x0000000085b00000| Untracked 
|  92|0x0000000085c00000, 0x0000000085d00000, 0x0000000085d00000|100%| O|  |TAMS 0x0000000085d00000, 0x0000000085c00000| Untracked 
|  93|0x0000000085d00000, 0x0000000085e00000, 0x0000000085e00000|100%| O|  |TAMS 0x0000000085e00000, 0x0000000085d00000| Untracked 
|  94|0x0000000085e00000, 0x0000000085f00000, 0x0000000085f00000|100%| O|  |TAMS 0x0000000085f00000, 0x0000000085e00000| Untracked 
|  95|0x0000000085f00000, 0x0000000086000000, 0x0000000086000000|100%| O|  |TAMS 0x0000000086000000, 0x0000000085f00000| Untracked 
|  96|0x0000000086000000, 0x0000000086100000, 0x0000000086100000|100%| O|  |TAMS 0x0000000086100000, 0x0000000086000000| Untracked 
|  97|0x0000000086100000, 0x0000000086200000, 0x0000000086200000|100%| O|  |TAMS 0x0000000086200000, 0x0000000086100000| Untracked 
|  98|0x0000000086200000, 0x0000000086300000, 0x0000000086300000|100%| O|  |TAMS 0x0000000086300000, 0x0000000086200000| Untracked 
|  99|0x0000000086300000, 0x0000000086400000, 0x0000000086400000|100%| O|  |TAMS 0x0000000086400000, 0x0000000086300000| Untracked 
| 100|0x0000000086400000, 0x0000000086500000, 0x0000000086500000|100%| O|  |TAMS 0x0000000086500000, 0x0000000086400000| Untracked 
| 101|0x0000000086500000, 0x0000000086600000, 0x0000000086600000|100%| O|  |TAMS 0x0000000086600000, 0x0000000086500000| Untracked 
| 102|0x0000000086600000, 0x0000000086700000, 0x0000000086700000|100%| O|  |TAMS 0x0000000086700000, 0x0000000086600000| Untracked 
| 103|0x0000000086700000, 0x0000000086800000, 0x0000000086800000|100%| O|  |TAMS 0x0000000086800000, 0x0000000086700000| Untracked 
| 104|0x0000000086800000, 0x0000000086900000, 0x0000000086900000|100%| O|  |TAMS 0x0000000086900000, 0x0000000086800000| Untracked 
| 105|0x0000000086900000, 0x0000000086a00000, 0x0000000086a00000|100%| O|  |TAMS 0x0000000086a00000, 0x0000000086900000| Untracked 
| 106|0x0000000086a00000, 0x0000000086b00000, 0x0000000086b00000|100%| O|  |TAMS 0x0000000086b00000, 0x0000000086a00000| Untracked 
| 107|0x0000000086b00000, 0x0000000086c00000, 0x0000000086c00000|100%| O|  |TAMS 0x0000000086c00000, 0x0000000086b00000| Untracked 
| 108|0x0000000086c00000, 0x0000000086d00000, 0x0000000086d00000|100%| O|  |TAMS 0x0000000086d00000, 0x0000000086c00000| Untracked 
| 109|0x0000000086d00000, 0x0000000086e00000, 0x0000000086e00000|100%| O|  |TAMS 0x0000000086e00000, 0x0000000086d00000| Untracked 
| 110|0x0000000086e00000, 0x0000000086f00000, 0x0000000086f00000|100%| O|  |TAMS 0x0000000086f00000, 0x0000000086e00000| Untracked 
| 111|0x0000000086f00000, 0x0000000087000000, 0x0000000087000000|100%| O|  |TAMS 0x0000000087000000, 0x0000000086f00000| Untracked 
| 112|0x0000000087000000, 0x0000000087100000, 0x0000000087100000|100%| O|  |TAMS 0x0000000087100000, 0x0000000087000000| Untracked 
| 113|0x0000000087100000, 0x0000000087200000, 0x0000000087200000|100%| O|  |TAMS 0x0000000087200000, 0x0000000087100000| Untracked 
| 114|0x0000000087200000, 0x0000000087300000, 0x0000000087300000|100%| O|  |TAMS 0x0000000087300000, 0x0000000087200000| Untracked 
| 115|0x0000000087300000, 0x0000000087400000, 0x0000000087400000|100%| O|  |TAMS 0x0000000087400000, 0x0000000087300000| Untracked 
| 116|0x0000000087400000, 0x0000000087500000, 0x0000000087500000|100%| O|  |TAMS 0x0000000087500000, 0x0000000087400000| Untracked 
| 117|0x0000000087500000, 0x0000000087600000, 0x0000000087600000|100%| O|  |TAMS 0x0000000087600000, 0x0000000087500000| Untracked 
| 118|0x0000000087600000, 0x0000000087700000, 0x0000000087700000|100%| O|  |TAMS 0x0000000087700000, 0x0000000087600000| Untracked 
| 119|0x0000000087700000, 0x0000000087800000, 0x0000000087800000|100%| O|  |TAMS 0x0000000087800000, 0x0000000087700000| Untracked 
| 120|0x0000000087800000, 0x0000000087900000, 0x0000000087900000|100%| O|  |TAMS 0x0000000087900000, 0x0000000087800000| Untracked 
| 121|0x0000000087900000, 0x0000000087a00000, 0x0000000087a00000|100%| O|  |TAMS 0x0000000087a00000, 0x0000000087900000| Untracked 
| 122|0x0000000087a00000, 0x0000000087b00000, 0x0000000087b00000|100%| O|  |TAMS 0x0000000087b00000, 0x0000000087a00000| Untracked 
| 123|0x0000000087b00000, 0x0000000087c00000, 0x0000000087c00000|100%| O|  |TAMS 0x0000000087c00000, 0x0000000087b00000| Untracked 
| 124|0x0000000087c00000, 0x0000000087d00000, 0x0000000087d00000|100%| O|  |TAMS 0x0000000087d00000, 0x0000000087c00000| Untracked 
| 125|0x0000000087d00000, 0x0000000087e00000, 0x0000000087e00000|100%| O|  |TAMS 0x0000000087e00000, 0x0000000087d00000| Untracked 
| 126|0x0000000087e00000, 0x0000000087f00000, 0x0000000087f00000|100%| O|  |TAMS 0x0000000087f00000, 0x0000000087e00000| Untracked 
| 127|0x0000000087f00000, 0x0000000088000000, 0x0000000088000000|100%| O|  |TAMS 0x0000000088000000, 0x0000000087f00000| Untracked 
| 128|0x0000000088000000, 0x0000000088100000, 0x0000000088100000|100%|HS|  |TAMS 0x0000000088100000, 0x0000000088000000| Complete 
| 129|0x0000000088100000, 0x0000000088200000, 0x0000000088200000|100%|HC|  |TAMS 0x0000000088200000, 0x0000000088100000| Complete 
| 130|0x0000000088200000, 0x0000000088300000, 0x0000000088300000|100%|HC|  |TAMS 0x0000000088300000, 0x0000000088200000| Complete 
| 131|0x0000000088300000, 0x0000000088400000, 0x0000000088400000|100%|HC|  |TAMS 0x0000000088400000, 0x0000000088300000| Complete 
| 132|0x0000000088400000, 0x0000000088500000, 0x0000000088500000|100%|HC|  |TAMS 0x0000000088500000, 0x0000000088400000| Complete 
| 133|0x0000000088500000, 0x0000000088600000, 0x0000000088600000|100%|HC|  |TAMS 0x0000000088600000, 0x0000000088500000| Complete 
| 134|0x0000000088600000, 0x0000000088700000, 0x0000000088700000|100%|HC|  |TAMS 0x0000000088700000, 0x0000000088600000| Complete 
| 135|0x0000000088700000, 0x0000000088800000, 0x0000000088800000|100%|HC|  |TAMS 0x0000000088800000, 0x0000000088700000| Complete 
| 136|0x0000000088800000, 0x0000000088900000, 0x0000000088900000|100%|HC|  |TAMS 0x0000000088900000, 0x0000000088800000| Complete 
| 137|0x0000000088900000, 0x0000000088a00000, 0x0000000088a00000|100%|HC|  |TAMS 0x0000000088a00000, 0x0000000088900000| Complete 
| 138|0x0000000088a00000, 0x0000000088b00000, 0x0000000088b00000|100%|HC|  |TAMS 0x0000000088b00000, 0x0000000088a00000| Complete 
| 139|0x0000000088b00000, 0x0000000088c00000, 0x0000000088c00000|100%|HC|  |TAMS 0x0000000088c00000, 0x0000000088b00000| Complete 
| 140|0x0000000088c00000, 0x0000000088d00000, 0x0000000088d00000|100%|HC|  |TAMS 0x0000000088d00000, 0x0000000088c00000| Complete 
| 141|0x0000000088d00000, 0x0000000088e00000, 0x0000000088e00000|100%|HC|  |TAMS 0x0000000088e00000, 0x0000000088d00000| Complete 
| 142|0x0000000088e00000, 0x0000000088f00000, 0x0000000088f00000|100%|HC|  |TAMS 0x0000000088f00000, 0x0000000088e00000| Complete 
| 143|0x0000000088f00000, 0x0000000089000000, 0x0000000089000000|100%|HC|  |TAMS 0x0000000089000000, 0x0000000088f00000| Complete 
| 144|0x0000000089000000, 0x0000000089100000, 0x0000000089100000|100%|HC|  |TAMS 0x0000000089100000, 0x0000000089000000| Complete 
| 145|0x0000000089100000, 0x0000000089200000, 0x0000000089200000|100%|HC|  |TAMS 0x0000000089200000, 0x0000000089100000| Complete 
| 146|0x0000000089200000, 0x0000000089300000, 0x0000000089300000|100%|HC|  |TAMS 0x0000000089300000, 0x0000000089200000| Complete 
| 147|0x0000000089300000, 0x0000000089400000, 0x0000000089400000|100%|HC|  |TAMS 0x0000000089400000, 0x0000000089300000| Complete 
| 148|0x0000000089400000, 0x0000000089500000, 0x0000000089500000|100%|HC|  |TAMS 0x0000000089500000, 0x0000000089400000| Complete 
| 149|0x0000000089500000, 0x0000000089600000, 0x0000000089600000|100%|HC|  |TAMS 0x0000000089600000, 0x0000000089500000| Complete 
| 150|0x0000000089600000, 0x0000000089700000, 0x0000000089700000|100%|HC|  |TAMS 0x0000000089700000, 0x0000000089600000| Complete 
| 151|0x0000000089700000, 0x0000000089800000, 0x0000000089800000|100%|HC|  |TAMS 0x0000000089800000, 0x0000000089700000| Complete 
| 152|0x0000000089800000, 0x0000000089900000, 0x0000000089900000|100%|HC|  |TAMS 0x0000000089900000, 0x0000000089800000| Complete 
| 153|0x0000000089900000, 0x0000000089a00000, 0x0000000089a00000|100%|HC|  |TAMS 0x0000000089a00000, 0x0000000089900000| Complete 
| 154|0x0000000089a00000, 0x0000000089b00000, 0x0000000089b00000|100%|HC|  |TAMS 0x0000000089b00000, 0x0000000089a00000| Complete 
| 155|0x0000000089b00000, 0x0000000089c00000, 0x0000000089c00000|100%|HC|  |TAMS 0x0000000089c00000, 0x0000000089b00000| Complete 
| 156|0x0000000089c00000, 0x0000000089d00000, 0x0000000089d00000|100%|HC|  |TAMS 0x0000000089d00000, 0x0000000089c00000| Complete 
| 157|0x0000000089d00000, 0x0000000089e00000, 0x0000000089e00000|100%|HC|  |TAMS 0x0000000089e00000, 0x0000000089d00000| Complete 
| 158|0x0000000089e00000, 0x0000000089f00000, 0x0000000089f00000|100%|HC|  |TAMS 0x0000000089f00000, 0x0000000089e00000| Complete 
| 159|0x0000000089f00000, 0x000000008a000000, 0x000000008a000000|100%| O|  |TAMS 0x0000000089f00000, 0x0000000089f00000| Untracked 
| 160|0x000000008a000000, 0x000000008a100000, 0x000000008a100000|100%| O|  |TAMS 0x000000008a000000, 0x000000008a000000| Untracked 
| 161|0x000000008a100000, 0x000000008a200000, 0x000000008a200000|100%| O|  |TAMS 0x000000008a100000, 0x000000008a100000| Untracked 
| 162|0x000000008a200000, 0x000000008a300000, 0x000000008a300000|100%| O|  |TAMS 0x000000008a200000, 0x000000008a200000| Untracked 
| 163|0x000000008a300000, 0x000000008a400000, 0x000000008a400000|100%| O|  |TAMS 0x000000008a300000, 0x000000008a300000| Untracked 
| 164|0x000000008a400000, 0x000000008a500000, 0x000000008a500000|100%| O|  |TAMS 0x000000008a400000, 0x000000008a400000| Untracked 
| 165|0x000000008a500000, 0x000000008a600000, 0x000000008a600000|100%| O|  |TAMS 0x000000008a500000, 0x000000008a500000| Untracked 
| 166|0x000000008a600000, 0x000000008a700000, 0x000000008a700000|100%| O|  |TAMS 0x000000008a600000, 0x000000008a600000| Untracked 
| 167|0x000000008a700000, 0x000000008a800000, 0x000000008a800000|100%| O|  |TAMS 0x000000008a700000, 0x000000008a700000| Untracked 
| 168|0x000000008a800000, 0x000000008a900000, 0x000000008a900000|100%| O|  |TAMS 0x000000008a800000, 0x000000008a800000| Untracked 
| 169|0x000000008a900000, 0x000000008aa00000, 0x000000008aa00000|100%| O|  |TAMS 0x000000008a900000, 0x000000008a900000| Untracked 
| 170|0x000000008aa00000, 0x000000008ab00000, 0x000000008ab00000|100%| O|  |TAMS 0x000000008aa00000, 0x000000008aa00000| Untracked 
| 171|0x000000008ab00000, 0x000000008ac00000, 0x000000008ac00000|100%| O|  |TAMS 0x000000008ab00000, 0x000000008ab00000| Untracked 
| 172|0x000000008ac00000, 0x000000008ad00000, 0x000000008ad00000|100%| O|  |TAMS 0x000000008ac00000, 0x000000008ac00000| Untracked 
| 173|0x000000008ad00000, 0x000000008ae00000, 0x000000008ae00000|100%| O|  |TAMS 0x000000008ad00000, 0x000000008ad00000| Untracked 
| 174|0x000000008ae00000, 0x000000008af00000, 0x000000008af00000|100%| O|  |TAMS 0x000000008ae00000, 0x000000008ae00000| Untracked 
| 175|0x000000008af00000, 0x000000008b000000, 0x000000008b000000|100%| O|  |TAMS 0x000000008af00000, 0x000000008af00000| Untracked 
| 176|0x000000008b000000, 0x000000008b100000, 0x000000008b100000|100%| O|  |TAMS 0x000000008b000000, 0x000000008b000000| Untracked 
| 177|0x000000008b100000, 0x000000008b100000, 0x000000008b200000|  0%| F|  |TAMS 0x000000008b100000, 0x000000008b100000| Untracked 
| 178|0x000000008b200000, 0x000000008b200000, 0x000000008b300000|  0%| F|  |TAMS 0x000000008b200000, 0x000000008b200000| Untracked 
| 179|0x000000008b300000, 0x000000008b300000, 0x000000008b400000|  0%| F|  |TAMS 0x000000008b300000, 0x000000008b300000| Untracked 
| 180|0x000000008b400000, 0x000000008b400000, 0x000000008b500000|  0%| F|  |TAMS 0x000000008b400000, 0x000000008b400000| Untracked 
| 181|0x000000008b500000, 0x000000008b500000, 0x000000008b600000|  0%| F|  |TAMS 0x000000008b500000, 0x000000008b500000| Untracked 
| 182|0x000000008b600000, 0x000000008b600000, 0x000000008b700000|  0%| F|  |TAMS 0x000000008b600000, 0x000000008b600000| Untracked 
| 183|0x000000008b700000, 0x000000008b700000, 0x000000008b800000|  0%| F|  |TAMS 0x000000008b700000, 0x000000008b700000| Untracked 
| 184|0x000000008b800000, 0x000000008b800000, 0x000000008b900000|  0%| F|  |TAMS 0x000000008b800000, 0x000000008b800000| Untracked 
| 185|0x000000008b900000, 0x000000008b900000, 0x000000008ba00000|  0%| F|  |TAMS 0x000000008b900000, 0x000000008b900000| Untracked 
| 186|0x000000008ba00000, 0x000000008ba00000, 0x000000008bb00000|  0%| F|  |TAMS 0x000000008ba00000, 0x000000008ba00000| Untracked 
| 187|0x000000008bb00000, 0x000000008bb00000, 0x000000008bc00000|  0%| F|  |TAMS 0x000000008bb00000, 0x000000008bb00000| Untracked 
| 188|0x000000008bc00000, 0x000000008bc00000, 0x000000008bd00000|  0%| F|  |TAMS 0x000000008bc00000, 0x000000008bc00000| Untracked 
| 189|0x000000008bd00000, 0x000000008bd00000, 0x000000008be00000|  0%| F|  |TAMS 0x000000008bd00000, 0x000000008bd00000| Untracked 
| 190|0x000000008be00000, 0x000000008be00000, 0x000000008bf00000|  0%| F|  |TAMS 0x000000008be00000, 0x000000008be00000| Untracked 
| 191|0x000000008bf00000, 0x000000008c000000, 0x000000008c000000|100%| O|  |TAMS 0x000000008bf00000, 0x000000008bf00000| Untracked 
| 192|0x000000008c000000, 0x000000008c100000, 0x000000008c100000|100%| O|  |TAMS 0x000000008c000000, 0x000000008c000000| Untracked 
| 193|0x000000008c100000, 0x000000008c200000, 0x000000008c200000|100%| O|  |TAMS 0x000000008c100000, 0x000000008c100000| Untracked 
| 194|0x000000008c200000, 0x000000008c300000, 0x000000008c300000|100%| O|  |TAMS 0x000000008c200000, 0x000000008c200000| Untracked 
| 195|0x000000008c300000, 0x000000008c400000, 0x000000008c400000|100%| O|  |TAMS 0x000000008c300000, 0x000000008c300000| Untracked 
| 196|0x000000008c400000, 0x000000008c500000, 0x000000008c500000|100%| O|  |TAMS 0x000000008c400000, 0x000000008c400000| Untracked 
| 197|0x000000008c500000, 0x000000008c600000, 0x000000008c600000|100%| O|  |TAMS 0x000000008c500000, 0x000000008c500000| Untracked 
| 198|0x000000008c600000, 0x000000008c700000, 0x000000008c700000|100%| O|  |TAMS 0x000000008c600000, 0x000000008c600000| Untracked 
| 199|0x000000008c700000, 0x000000008c800000, 0x000000008c800000|100%| O|  |TAMS 0x000000008c700000, 0x000000008c700000| Untracked 
| 200|0x000000008c800000, 0x000000008c900000, 0x000000008c900000|100%| O|  |TAMS 0x000000008c800000, 0x000000008c800000| Untracked 
| 201|0x000000008c900000, 0x000000008ca00000, 0x000000008ca00000|100%| O|  |TAMS 0x000000008c900000, 0x000000008c900000| Untracked 
| 202|0x000000008ca00000, 0x000000008cb00000, 0x000000008cb00000|100%| O|  |TAMS 0x000000008ca00000, 0x000000008ca00000| Untracked 
| 203|0x000000008cb00000, 0x000000008cc00000, 0x000000008cc00000|100%| O|  |TAMS 0x000000008cb00000, 0x000000008cb00000| Untracked 
| 204|0x000000008cc00000, 0x000000008cd00000, 0x000000008cd00000|100%| O|  |TAMS 0x000000008cc00000, 0x000000008cc00000| Untracked 
| 205|0x000000008cd00000, 0x000000008ce00000, 0x000000008ce00000|100%| O|  |TAMS 0x000000008cd00000, 0x000000008cd00000| Untracked 
| 206|0x000000008ce00000, 0x000000008cf00000, 0x000000008cf00000|100%| O|  |TAMS 0x000000008ce00000, 0x000000008ce00000| Untracked 
| 207|0x000000008cf00000, 0x000000008cf00000, 0x000000008d000000|  0%| F|  |TAMS 0x000000008cf00000, 0x000000008cf00000| Untracked 
| 208|0x000000008d000000, 0x000000008d000000, 0x000000008d100000|  0%| F|  |TAMS 0x000000008d000000, 0x000000008d000000| Untracked 
| 209|0x000000008d100000, 0x000000008d100000, 0x000000008d200000|  0%| F|  |TAMS 0x000000008d100000, 0x000000008d100000| Untracked 
| 210|0x000000008d200000, 0x000000008d200000, 0x000000008d300000|  0%| F|  |TAMS 0x000000008d200000, 0x000000008d200000| Untracked 
| 211|0x000000008d300000, 0x000000008d300000, 0x000000008d400000|  0%| F|  |TAMS 0x000000008d300000, 0x000000008d300000| Untracked 
| 212|0x000000008d400000, 0x000000008d400000, 0x000000008d500000|  0%| F|  |TAMS 0x000000008d400000, 0x000000008d400000| Untracked 
| 213|0x000000008d500000, 0x000000008d500000, 0x000000008d600000|  0%| F|  |TAMS 0x000000008d500000, 0x000000008d500000| Untracked 
| 214|0x000000008d600000, 0x000000008d600000, 0x000000008d700000|  0%| F|  |TAMS 0x000000008d600000, 0x000000008d600000| Untracked 
| 215|0x000000008d700000, 0x000000008d700000, 0x000000008d800000|  0%| F|  |TAMS 0x000000008d700000, 0x000000008d700000| Untracked 
| 216|0x000000008d800000, 0x000000008d800000, 0x000000008d900000|  0%| F|  |TAMS 0x000000008d800000, 0x000000008d800000| Untracked 
| 217|0x000000008d900000, 0x000000008d900000, 0x000000008da00000|  0%| F|  |TAMS 0x000000008d900000, 0x000000008d900000| Untracked 
| 218|0x000000008da00000, 0x000000008da00000, 0x000000008db00000|  0%| F|  |TAMS 0x000000008da00000, 0x000000008da00000| Untracked 
| 219|0x000000008db00000, 0x000000008db00000, 0x000000008dc00000|  0%| F|  |TAMS 0x000000008db00000, 0x000000008db00000| Untracked 
| 220|0x000000008dc00000, 0x000000008dc00000, 0x000000008dd00000|  0%| F|  |TAMS 0x000000008dc00000, 0x000000008dc00000| Untracked 
| 221|0x000000008dd00000, 0x000000008dd00000, 0x000000008de00000|  0%| F|  |TAMS 0x000000008dd00000, 0x000000008dd00000| Untracked 
| 222|0x000000008de00000, 0x000000008de00000, 0x000000008df00000|  0%| F|  |TAMS 0x000000008de00000, 0x000000008de00000| Untracked 
| 223|0x000000008df00000, 0x000000008df00000, 0x000000008e000000|  0%| F|  |TAMS 0x000000008df00000, 0x000000008df00000| Untracked 
| 224|0x000000008e000000, 0x000000008e000000, 0x000000008e100000|  0%| F|  |TAMS 0x000000008e000000, 0x000000008e000000| Untracked 
| 225|0x000000008e100000, 0x000000008e100000, 0x000000008e200000|  0%| F|  |TAMS 0x000000008e100000, 0x000000008e100000| Untracked 
| 226|0x000000008e200000, 0x000000008e200000, 0x000000008e300000|  0%| F|  |TAMS 0x000000008e200000, 0x000000008e200000| Untracked 
| 227|0x000000008e300000, 0x000000008e300000, 0x000000008e400000|  0%| F|  |TAMS 0x000000008e300000, 0x000000008e300000| Untracked 
| 228|0x000000008e400000, 0x000000008e400000, 0x000000008e500000|  0%| F|  |TAMS 0x000000008e400000, 0x000000008e400000| Untracked 
| 229|0x000000008e500000, 0x000000008e500000, 0x000000008e600000|  0%| F|  |TAMS 0x000000008e500000, 0x000000008e500000| Untracked 
| 230|0x000000008e600000, 0x000000008e600000, 0x000000008e700000|  0%| F|  |TAMS 0x000000008e600000, 0x000000008e600000| Untracked 
| 231|0x000000008e700000, 0x000000008e700000, 0x000000008e800000|  0%| F|  |TAMS 0x000000008e700000, 0x000000008e700000| Untracked 
| 232|0x000000008e800000, 0x000000008e800000, 0x000000008e900000|  0%| F|  |TAMS 0x000000008e800000, 0x000000008e800000| Untracked 
| 233|0x000000008e900000, 0x000000008e900000, 0x000000008ea00000|  0%| F|  |TAMS 0x000000008e900000, 0x000000008e900000| Untracked 
| 234|0x000000008ea00000, 0x000000008ea00000, 0x000000008eb00000|  0%| F|  |TAMS 0x000000008ea00000, 0x000000008ea00000| Untracked 
| 235|0x000000008eb00000, 0x000000008eb00000, 0x000000008ec00000|  0%| F|  |TAMS 0x000000008eb00000, 0x000000008eb00000| Untracked 
| 236|0x000000008ec00000, 0x000000008ec00000, 0x000000008ed00000|  0%| F|  |TAMS 0x000000008ec00000, 0x000000008ec00000| Untracked 
| 237|0x000000008ed00000, 0x000000008ed00000, 0x000000008ee00000|  0%| F|  |TAMS 0x000000008ed00000, 0x000000008ed00000| Untracked 
| 238|0x000000008ee00000, 0x000000008ee00000, 0x000000008ef00000|  0%| F|  |TAMS 0x000000008ee00000, 0x000000008ee00000| Untracked 
| 239|0x000000008ef00000, 0x000000008ef00000, 0x000000008f000000|  0%| F|  |TAMS 0x000000008ef00000, 0x000000008ef00000| Untracked 
| 240|0x000000008f000000, 0x000000008f000000, 0x000000008f100000|  0%| F|  |TAMS 0x000000008f000000, 0x000000008f000000| Untracked 
| 241|0x000000008f100000, 0x000000008f100000, 0x000000008f200000|  0%| F|  |TAMS 0x000000008f100000, 0x000000008f100000| Untracked 
| 242|0x000000008f200000, 0x000000008f200000, 0x000000008f300000|  0%| F|  |TAMS 0x000000008f200000, 0x000000008f200000| Untracked 
| 243|0x000000008f300000, 0x000000008f300000, 0x000000008f400000|  0%| F|  |TAMS 0x000000008f300000, 0x000000008f300000| Untracked 
| 244|0x000000008f400000, 0x000000008f400000, 0x000000008f500000|  0%| F|  |TAMS 0x000000008f400000, 0x000000008f400000| Untracked 
| 245|0x000000008f500000, 0x000000008f500000, 0x000000008f600000|  0%| F|  |TAMS 0x000000008f500000, 0x000000008f500000| Untracked 
| 246|0x000000008f600000, 0x000000008f600000, 0x000000008f700000|  0%| F|  |TAMS 0x000000008f600000, 0x000000008f600000| Untracked 
| 247|0x000000008f700000, 0x000000008f700000, 0x000000008f800000|  0%| F|  |TAMS 0x000000008f700000, 0x000000008f700000| Untracked 
| 248|0x000000008f800000, 0x000000008f800000, 0x000000008f900000|  0%| F|  |TAMS 0x000000008f800000, 0x000000008f800000| Untracked 
| 249|0x000000008f900000, 0x000000008f900000, 0x000000008fa00000|  0%| F|  |TAMS 0x000000008f900000, 0x000000008f900000| Untracked 
| 250|0x000000008fa00000, 0x000000008fa00000, 0x000000008fb00000|  0%| F|  |TAMS 0x000000008fa00000, 0x000000008fa00000| Untracked 
| 251|0x000000008fb00000, 0x000000008fb00000, 0x000000008fc00000|  0%| F|  |TAMS 0x000000008fb00000, 0x000000008fb00000| Untracked 
| 252|0x000000008fc00000, 0x000000008fc00000, 0x000000008fd00000|  0%| F|  |TAMS 0x000000008fc00000, 0x000000008fc00000| Untracked 
| 253|0x000000008fd00000, 0x000000008fd00000, 0x000000008fe00000|  0%| F|  |TAMS 0x000000008fd00000, 0x000000008fd00000| Untracked 
| 254|0x000000008fe00000, 0x000000008fe00000, 0x000000008ff00000|  0%| F|  |TAMS 0x000000008fe00000, 0x000000008fe00000| Untracked 
| 255|0x000000008ff00000, 0x000000008ff00000, 0x0000000090000000|  0%| F|  |TAMS 0x000000008ff00000, 0x000000008ff00000| Untracked 
| 256|0x0000000090000000, 0x0000000090000000, 0x0000000090100000|  0%| F|  |TAMS 0x0000000090000000, 0x0000000090000000| Untracked 
| 257|0x0000000090100000, 0x0000000090100000, 0x0000000090200000|  0%| F|  |TAMS 0x0000000090100000, 0x0000000090100000| Untracked 
| 258|0x0000000090200000, 0x0000000090200000, 0x0000000090300000|  0%| F|  |TAMS 0x0000000090200000, 0x0000000090200000| Untracked 
| 259|0x0000000090300000, 0x0000000090300000, 0x0000000090400000|  0%| F|  |TAMS 0x0000000090300000, 0x0000000090300000| Untracked 
| 260|0x0000000090400000, 0x0000000090400000, 0x0000000090500000|  0%| F|  |TAMS 0x0000000090400000, 0x0000000090400000| Untracked 
| 261|0x0000000090500000, 0x0000000090500000, 0x0000000090600000|  0%| F|  |TAMS 0x0000000090500000, 0x0000000090500000| Untracked 
| 262|0x0000000090600000, 0x0000000090600000, 0x0000000090700000|  0%| F|  |TAMS 0x0000000090600000, 0x0000000090600000| Untracked 
| 263|0x0000000090700000, 0x0000000090700000, 0x0000000090800000|  0%| F|  |TAMS 0x0000000090700000, 0x0000000090700000| Untracked 
| 264|0x0000000090800000, 0x0000000090800000, 0x0000000090900000|  0%| F|  |TAMS 0x0000000090800000, 0x0000000090800000| Untracked 
| 265|0x0000000090900000, 0x0000000090900000, 0x0000000090a00000|  0%| F|  |TAMS 0x0000000090900000, 0x0000000090900000| Untracked 
| 266|0x0000000090a00000, 0x0000000090a00000, 0x0000000090b00000|  0%| F|  |TAMS 0x0000000090a00000, 0x0000000090a00000| Untracked 
| 267|0x0000000090b00000, 0x0000000090b00000, 0x0000000090c00000|  0%| F|  |TAMS 0x0000000090b00000, 0x0000000090b00000| Untracked 
| 268|0x0000000090c00000, 0x0000000090c00000, 0x0000000090d00000|  0%| F|  |TAMS 0x0000000090c00000, 0x0000000090c00000| Untracked 
| 269|0x0000000090d00000, 0x0000000090d00000, 0x0000000090e00000|  0%| F|  |TAMS 0x0000000090d00000, 0x0000000090d00000| Untracked 
| 270|0x0000000090e00000, 0x0000000090e00000, 0x0000000090f00000|  0%| F|  |TAMS 0x0000000090e00000, 0x0000000090e00000| Untracked 
| 271|0x0000000090f00000, 0x0000000090f00000, 0x0000000091000000|  0%| F|  |TAMS 0x0000000090f00000, 0x0000000090f00000| Untracked 
| 272|0x0000000091000000, 0x0000000091000000, 0x0000000091100000|  0%| F|  |TAMS 0x0000000091000000, 0x0000000091000000| Untracked 
| 273|0x0000000091100000, 0x0000000091100000, 0x0000000091200000|  0%| F|  |TAMS 0x0000000091100000, 0x0000000091100000| Untracked 
| 274|0x0000000091200000, 0x0000000091200000, 0x0000000091300000|  0%| F|  |TAMS 0x0000000091200000, 0x0000000091200000| Untracked 
| 275|0x0000000091300000, 0x0000000091300000, 0x0000000091400000|  0%| F|  |TAMS 0x0000000091300000, 0x0000000091300000| Untracked 
| 276|0x0000000091400000, 0x0000000091400000, 0x0000000091500000|  0%| F|  |TAMS 0x0000000091400000, 0x0000000091400000| Untracked 
| 277|0x0000000091500000, 0x0000000091500000, 0x0000000091600000|  0%| F|  |TAMS 0x0000000091500000, 0x0000000091500000| Untracked 
| 278|0x0000000091600000, 0x0000000091600000, 0x0000000091700000|  0%| F|  |TAMS 0x0000000091600000, 0x0000000091600000| Untracked 
| 279|0x0000000091700000, 0x0000000091700000, 0x0000000091800000|  0%| F|  |TAMS 0x0000000091700000, 0x0000000091700000| Untracked 
| 280|0x0000000091800000, 0x0000000091800000, 0x0000000091900000|  0%| F|  |TAMS 0x0000000091800000, 0x0000000091800000| Untracked 
| 281|0x0000000091900000, 0x0000000091900000, 0x0000000091a00000|  0%| F|  |TAMS 0x0000000091900000, 0x0000000091900000| Untracked 
| 282|0x0000000091a00000, 0x0000000091a00000, 0x0000000091b00000|  0%| F|  |TAMS 0x0000000091a00000, 0x0000000091a00000| Untracked 
| 283|0x0000000091b00000, 0x0000000091b00000, 0x0000000091c00000|  0%| F|  |TAMS 0x0000000091b00000, 0x0000000091b00000| Untracked 
| 284|0x0000000091c00000, 0x0000000091c00000, 0x0000000091d00000|  0%| F|  |TAMS 0x0000000091c00000, 0x0000000091c00000| Untracked 
| 285|0x0000000091d00000, 0x0000000091d00000, 0x0000000091e00000|  0%| F|  |TAMS 0x0000000091d00000, 0x0000000091d00000| Untracked 
| 286|0x0000000091e00000, 0x0000000091e00000, 0x0000000091f00000|  0%| F|  |TAMS 0x0000000091e00000, 0x0000000091e00000| Untracked 
| 287|0x0000000091f00000, 0x0000000091f00000, 0x0000000092000000|  0%| F|  |TAMS 0x0000000091f00000, 0x0000000091f00000| Untracked 
| 288|0x0000000092000000, 0x0000000092000000, 0x0000000092100000|  0%| F|  |TAMS 0x0000000092000000, 0x0000000092000000| Untracked 
| 289|0x0000000092100000, 0x0000000092100000, 0x0000000092200000|  0%| F|  |TAMS 0x0000000092100000, 0x0000000092100000| Untracked 
| 290|0x0000000092200000, 0x0000000092200000, 0x0000000092300000|  0%| F|  |TAMS 0x0000000092200000, 0x0000000092200000| Untracked 
| 291|0x0000000092300000, 0x0000000092300000, 0x0000000092400000|  0%| F|  |TAMS 0x0000000092300000, 0x0000000092300000| Untracked 
| 292|0x0000000092400000, 0x0000000092400000, 0x0000000092500000|  0%| F|  |TAMS 0x0000000092400000, 0x0000000092400000| Untracked 
| 293|0x0000000092500000, 0x0000000092500000, 0x0000000092600000|  0%| F|  |TAMS 0x0000000092500000, 0x0000000092500000| Untracked 
| 294|0x0000000092600000, 0x0000000092600000, 0x0000000092700000|  0%| F|  |TAMS 0x0000000092600000, 0x0000000092600000| Untracked 
| 295|0x0000000092700000, 0x0000000092700000, 0x0000000092800000|  0%| F|  |TAMS 0x0000000092700000, 0x0000000092700000| Untracked 
| 296|0x0000000092800000, 0x0000000092800000, 0x0000000092900000|  0%| F|  |TAMS 0x0000000092800000, 0x0000000092800000| Untracked 
| 297|0x0000000092900000, 0x0000000092900000, 0x0000000092a00000|  0%| F|  |TAMS 0x0000000092900000, 0x0000000092900000| Untracked 
| 298|0x0000000092a00000, 0x0000000092a00000, 0x0000000092b00000|  0%| F|  |TAMS 0x0000000092a00000, 0x0000000092a00000| Untracked 
| 299|0x0000000092b00000, 0x0000000092b00000, 0x0000000092c00000|  0%| F|  |TAMS 0x0000000092b00000, 0x0000000092b00000| Untracked 
| 300|0x0000000092c00000, 0x0000000092c00000, 0x0000000092d00000|  0%| F|  |TAMS 0x0000000092c00000, 0x0000000092c00000| Untracked 
| 301|0x0000000092d00000, 0x0000000092d00000, 0x0000000092e00000|  0%| F|  |TAMS 0x0000000092d00000, 0x0000000092d00000| Untracked 
| 302|0x0000000092e00000, 0x0000000092e00000, 0x0000000092f00000|  0%| F|  |TAMS 0x0000000092e00000, 0x0000000092e00000| Untracked 
| 303|0x0000000092f00000, 0x0000000092f00000, 0x0000000093000000|  0%| F|  |TAMS 0x0000000092f00000, 0x0000000092f00000| Untracked 
| 304|0x0000000093000000, 0x0000000093000000, 0x0000000093100000|  0%| F|  |TAMS 0x0000000093000000, 0x0000000093000000| Untracked 
| 305|0x0000000093100000, 0x0000000093100000, 0x0000000093200000|  0%| F|  |TAMS 0x0000000093100000, 0x0000000093100000| Untracked 
| 306|0x0000000093200000, 0x0000000093200000, 0x0000000093300000|  0%| F|  |TAMS 0x0000000093200000, 0x0000000093200000| Untracked 
| 307|0x0000000093300000, 0x0000000093300000, 0x0000000093400000|  0%| F|  |TAMS 0x0000000093300000, 0x0000000093300000| Untracked 
| 308|0x0000000093400000, 0x0000000093400000, 0x0000000093500000|  0%| F|  |TAMS 0x0000000093400000, 0x0000000093400000| Untracked 
| 309|0x0000000093500000, 0x0000000093500000, 0x0000000093600000|  0%| F|  |TAMS 0x0000000093500000, 0x0000000093500000| Untracked 
| 310|0x0000000093600000, 0x0000000093600000, 0x0000000093700000|  0%| F|  |TAMS 0x0000000093600000, 0x0000000093600000| Untracked 
| 311|0x0000000093700000, 0x0000000093700000, 0x0000000093800000|  0%| F|  |TAMS 0x0000000093700000, 0x0000000093700000| Untracked 
| 312|0x0000000093800000, 0x0000000093800000, 0x0000000093900000|  0%| F|  |TAMS 0x0000000093800000, 0x0000000093800000| Untracked 
| 313|0x0000000093900000, 0x0000000093900000, 0x0000000093a00000|  0%| F|  |TAMS 0x0000000093900000, 0x0000000093900000| Untracked 
| 314|0x0000000093a00000, 0x0000000093a00000, 0x0000000093b00000|  0%| F|  |TAMS 0x0000000093a00000, 0x0000000093a00000| Untracked 
| 315|0x0000000093b00000, 0x0000000093b00000, 0x0000000093c00000|  0%| F|  |TAMS 0x0000000093b00000, 0x0000000093b00000| Untracked 
| 316|0x0000000093c00000, 0x0000000093c00000, 0x0000000093d00000|  0%| F|  |TAMS 0x0000000093c00000, 0x0000000093c00000| Untracked 
| 317|0x0000000093d00000, 0x0000000093d00000, 0x0000000093e00000|  0%| F|  |TAMS 0x0000000093d00000, 0x0000000093d00000| Untracked 
| 318|0x0000000093e00000, 0x0000000093e00000, 0x0000000093f00000|  0%| F|  |TAMS 0x0000000093e00000, 0x0000000093e00000| Untracked 
| 319|0x0000000093f00000, 0x0000000093f00000, 0x0000000094000000|  0%| F|  |TAMS 0x0000000093f00000, 0x0000000093f00000| Untracked 
| 320|0x0000000094000000, 0x0000000094000000, 0x0000000094100000|  0%| F|  |TAMS 0x0000000094000000, 0x0000000094000000| Untracked 
| 321|0x0000000094100000, 0x0000000094100000, 0x0000000094200000|  0%| F|  |TAMS 0x0000000094100000, 0x0000000094100000| Untracked 
| 322|0x0000000094200000, 0x0000000094200000, 0x0000000094300000|  0%| F|  |TAMS 0x0000000094200000, 0x0000000094200000| Untracked 
| 323|0x0000000094300000, 0x0000000094300000, 0x0000000094400000|  0%| F|  |TAMS 0x0000000094300000, 0x0000000094300000| Untracked 
| 324|0x0000000094400000, 0x0000000094400000, 0x0000000094500000|  0%| F|  |TAMS 0x0000000094400000, 0x0000000094400000| Untracked 
| 325|0x0000000094500000, 0x0000000094500000, 0x0000000094600000|  0%| F|  |TAMS 0x0000000094500000, 0x0000000094500000| Untracked 
| 326|0x0000000094600000, 0x0000000094600000, 0x0000000094700000|  0%| F|  |TAMS 0x0000000094600000, 0x0000000094600000| Untracked 
| 327|0x0000000094700000, 0x0000000094800000, 0x0000000094800000|100%| S|CS|TAMS 0x0000000094700000, 0x0000000094700000| Complete 
| 328|0x0000000094800000, 0x0000000094900000, 0x0000000094900000|100%| S|CS|TAMS 0x0000000094800000, 0x0000000094800000| Complete 
| 329|0x0000000094900000, 0x0000000094a00000, 0x0000000094a00000|100%| S|CS|TAMS 0x0000000094900000, 0x0000000094900000| Complete 
| 330|0x0000000094a00000, 0x0000000094a00000, 0x0000000094b00000|  0%| F|  |TAMS 0x0000000094a00000, 0x0000000094a00000| Untracked 
| 331|0x0000000094b00000, 0x0000000094b00000, 0x0000000094c00000|  0%| F|  |TAMS 0x0000000094b00000, 0x0000000094b00000| Untracked 
| 332|0x0000000094c00000, 0x0000000094c00000, 0x0000000094d00000|  0%| F|  |TAMS 0x0000000094c00000, 0x0000000094c00000| Untracked 
| 333|0x0000000094d00000, 0x0000000094d00000, 0x0000000094e00000|  0%| F|  |TAMS 0x0000000094d00000, 0x0000000094d00000| Untracked 
| 334|0x0000000094e00000, 0x0000000094e00000, 0x0000000094f00000|  0%| F|  |TAMS 0x0000000094e00000, 0x0000000094e00000| Untracked 
| 335|0x0000000094f00000, 0x0000000094f00000, 0x0000000095000000|  0%| F|  |TAMS 0x0000000094f00000, 0x0000000094f00000| Untracked 
| 336|0x0000000095000000, 0x0000000095000000, 0x0000000095100000|  0%| F|  |TAMS 0x0000000095000000, 0x0000000095000000| Untracked 
| 337|0x0000000095100000, 0x0000000095100000, 0x0000000095200000|  0%| F|  |TAMS 0x0000000095100000, 0x0000000095100000| Untracked 
| 338|0x0000000095200000, 0x0000000095200000, 0x0000000095300000|  0%| F|  |TAMS 0x0000000095200000, 0x0000000095200000| Untracked 
| 339|0x0000000095300000, 0x0000000095300000, 0x0000000095400000|  0%| F|  |TAMS 0x0000000095300000, 0x0000000095300000| Untracked 
|2039|0x00000000ff700000, 0x00000000ff800000, 0x00000000ff800000|100%| O|  |TAMS 0x00000000ff800000, 0x00000000ff700000| Untracked 
|2040|0x00000000ff800000, 0x00000000ff900000, 0x00000000ff900000|100%| O|  |TAMS 0x00000000ff900000, 0x00000000ff800000| Untracked 
|2041|0x00000000ff900000, 0x00000000ffa00000, 0x00000000ffa00000|100%| O|  |TAMS 0x00000000ffa00000, 0x00000000ff900000| Untracked 
|2042|0x00000000ffa00000, 0x00000000ffb00000, 0x00000000ffb00000|100%| O|  |TAMS 0x00000000ffb00000, 0x00000000ffa00000| Untracked 
|2043|0x00000000ffb00000, 0x00000000ffc00000, 0x00000000ffc00000|100%| O|  |TAMS 0x00000000ffc00000, 0x00000000ffb00000| Untracked 
|2044|0x00000000ffc00000, 0x00000000ffd00000, 0x00000000ffd00000|100%| O|  |TAMS 0x00000000ffd00000, 0x00000000ffc00000| Untracked 
|2045|0x00000000ffd00000, 0x00000000ffe00000, 0x00000000ffe00000|100%| O|  |TAMS 0x00000000ffe00000, 0x00000000ffd00000| Untracked 
|2046|0x00000000ffe00000, 0x00000000fff00000, 0x00000000fff00000|100%| O|  |TAMS 0x00000000fff00000, 0x00000000ffe00000| Untracked 
|2047|0x00000000fff00000, 0x0000000100000000, 0x0000000100000000|100%| O|  |TAMS 0x0000000100000000, 0x00000000fff00000| Untracked 

Card table byte_map: [0x0000019a4af00000,0x0000019a4b300000] _byte_map_base: 0x0000019a4ab00000

Marking Bits (Prev, Next): (CMBitMap*) 0x0000019a365d6a80, (CMBitMap*) 0x0000019a365d6ac0
 Prev Bits: [0x0000019a4b700000, 0x0000019a4d700000)
 Next Bits: [0x0000019a4d700000, 0x0000019a4f700000)

Polling page: 0x0000019a36630000

Metaspace:

Usage:
  Non-class:     31.92 MB used.
      Class:      3.78 MB used.
       Both:     35.71 MB used.

Virtual space:
  Non-class space:       64.00 MB reserved,      32.06 MB ( 50%) committed,  1 nodes.
      Class space:        1.00 GB reserved,       3.88 MB ( <1%) committed,  1 nodes.
             Both:        1.06 GB reserved,      35.94 MB (  3%) committed. 

Chunk freelists:
   Non-Class:  15.66 MB
       Class:  12.01 MB
        Both:  27.66 MB

MaxMetaspaceSize: unlimited
CompressedClassSpaceSize: 1.00 GB
Initial GC threshold: 21.00 MB
Current GC threshold: 57.50 MB
CDS: off
MetaspaceReclaimPolicy: balanced
 - commit_granule_bytes: 65536.
 - commit_granule_words: 8192.
 - virtual_space_node_default_size: 8388608.
 - enlarge_chunks_in_place: 1.
 - new_chunks_are_fully_committed: 0.
 - uncommit_free_chunks: 1.
 - use_allocation_guard: 0.
 - handle_deallocations: 1.


Internal statistics:

num_allocs_failed_limit: 5.
num_arena_births: 272.
num_arena_deaths: 12.
num_vsnodes_births: 2.
num_vsnodes_deaths: 0.
num_space_committed: 575.
num_space_uncommitted: 0.
num_chunks_returned_to_freelist: 21.
num_chunks_taken_from_freelist: 1283.
num_chunk_merges: 5.
num_chunk_splits: 883.
num_chunks_enlarged: 655.
num_inconsistent_stats: 0.

CodeHeap 'non-profiled nmethods': size=120000Kb used=2337Kb max_used=2337Kb free=117662Kb
 bounds [0x0000019a42fb0000, 0x0000019a43220000, 0x0000019a4a4e0000]
CodeHeap 'profiled nmethods': size=120000Kb used=8536Kb max_used=8536Kb free=111463Kb
 bounds [0x0000019a3b4e0000, 0x0000019a3bd40000, 0x0000019a42a10000]
CodeHeap 'non-nmethods': size=5760Kb used=1368Kb max_used=1417Kb free=4391Kb
 bounds [0x0000019a42a10000, 0x0000019a42c80000, 0x0000019a42fb0000]
 total_blobs=5181 nmethods=4484 adapters=609
 compilation: enabled
              stopped_count=0, restarted_count=0
 full_count=0

Compilation events (20 events):
Event: 7.876 Thread 0x0000019a56035210 nmethod 4429 0x0000019a431ed710 code [0x0000019a431edac0, 0x0000019a431f06d0]
Event: 7.876 Thread 0x0000019a56035cc0 4525       2       com.oracle.truffle.js.parser.GraalJSTranslator::defaultSwitchNode (469 bytes)
Event: 7.877 Thread 0x0000019a56035210 4483       4       com.oracle.truffle.js.nodes.access.ScopeFrameNode::create (82 bytes)
Event: 7.880 Thread 0x0000019a56035210 nmethod 4483 0x0000019a431f1d10 code [0x0000019a431f1ea0, 0x0000019a431f20f8]
Event: 7.880 Thread 0x0000019a56035210 4496       4       com.oracle.truffle.js.parser.GraalJSTranslator::enterLiteralNode (35 bytes)
Event: 7.880 Thread 0x0000019a56035cc0 nmethod 4525 0x0000019a3bd31f10 code [0x0000019a3bd32340, 0x0000019a3bd33f08]
Event: 7.880 Thread 0x0000019a56035cc0 4526       2       com.oracle.truffle.js.nodes.binary.JSSubtractNodeGen::create (11 bytes)
Event: 7.880 Thread 0x0000019a56035cc0 nmethod 4526 0x0000019a3bd35390 code [0x0000019a3bd35540, 0x0000019a3bd357a8]
Event: 7.881 Thread 0x0000019a57dc7440 nmethod 4428 0x0000019a431f2290 code [0x0000019a431f25c0, 0x0000019a431f5ed8]
Event: 7.882 Thread 0x0000019a57dc7440 4456       4       com.oracle.truffle.js.nodes.access.FrameSlotNode$WithDescriptor::<init> (7 bytes)
Event: 7.883 Thread 0x0000019a57dc7440 nmethod 4456 0x0000019a431f7910 code [0x0000019a431f7a80, 0x0000019a431f7bb8]
Event: 7.883 Thread 0x0000019a57dc7440 4442       4       com.oracle.truffle.js.nodes.JSFrameSlot$FrameSlotFlags::of (58 bytes)
Event: 7.886 Thread 0x0000019a56035cc0 4530       2       com.oracle.truffle.js.nodes.binary.JSAddSubNumericUnitNodeGen::create (11 bytes)
Event: 7.886 Thread 0x0000019a56035cc0 nmethod 4530 0x0000019a3bd35910 code [0x0000019a3bd35ac0, 0x0000019a3bd35cc8]
Event: 7.889 Thread 0x0000019a57dc7440 nmethod 4442 0x0000019a431f7c10 code [0x0000019a431f7dc0, 0x0000019a431f8108]
Event: 7.889 Thread 0x0000019a56035cc0 4532       2       com.oracle.truffle.js.nodes.control.ExprBlockNode::isResultAlwaysOfType (17 bytes)
Event: 7.889 Thread 0x0000019a57dc7440 4431       4       com.oracle.truffle.js.parser.GraalJSTranslator::enterBinaryNode (301 bytes)
Event: 7.889 Thread 0x0000019a56035cc0 nmethod 4532 0x0000019a3bd35e10 code [0x0000019a3bd35fc0, 0x0000019a3bd36188]
Event: 7.892 Thread 0x0000019a56035cc0 4533       1       com.oracle.js.parser.ir.TryNode::getFinallyBody (5 bytes)
Event: 7.893 Thread 0x0000019a56035cc0 nmethod 4533 0x0000019a431f8490 code [0x0000019a431f8620, 0x0000019a431f86f8]

GC Heap History (20 events):
Event: 4.843 GC heap after
{Heap after GC invocations=6 (full 0):
 garbage-first heap   total 162816K, used 45483K [0x0000000080000000, 0x0000000100000000)
  region size 1024K, 1 young (1024K), 1 survivors (1024K)
 Metaspace       used 32814K, committed 33088K, reserved 1114112K
  class space    used 3587K, committed 3712K, reserved 1048576K
}
Event: 5.677 GC heap before
{Heap before GC invocations=6 (full 0):
 garbage-first heap   total 162816K, used 134571K [0x0000000080000000, 0x0000000100000000)
  region size 1024K, 82 young (83968K), 1 survivors (1024K)
 Metaspace       used 33538K, committed 33792K, reserved 1114112K
  class space    used 3602K, committed 3712K, reserved 1048576K
}
Event: 5.710 GC heap after
{Heap after GC invocations=7 (full 0):
 garbage-first heap   total 172032K, used 85834K [0x0000000080000000, 0x0000000100000000)
  region size 1024K, 11 young (11264K), 11 survivors (11264K)
 Metaspace       used 33538K, committed 33792K, reserved 1114112K
  class space    used 3602K, committed 3712K, reserved 1048576K
}
Event: 5.877 GC heap before
{Heap before GC invocations=7 (full 0):
 garbage-first heap   total 172032K, used 124746K [0x0000000080000000, 0x0000000100000000)
  region size 1024K, 49 young (50176K), 11 survivors (11264K)
 Metaspace       used 33570K, committed 33856K, reserved 1114112K
  class space    used 3602K, committed 3712K, reserved 1048576K
}
Event: 5.902 GC heap after
{Heap after GC invocations=8 (full 0):
 garbage-first heap   total 172032K, used 103424K [0x0000000080000000, 0x0000000100000000)
  region size 1024K, 7 young (7168K), 7 survivors (7168K)
 Metaspace       used 33570K, committed 33856K, reserved 1114112K
  class space    used 3602K, committed 3712K, reserved 1048576K
}
Event: 5.909 GC heap before
{Heap before GC invocations=8 (full 0):
 garbage-first heap   total 172032K, used 104448K [0x0000000080000000, 0x0000000100000000)
  region size 1024K, 8 young (8192K), 7 survivors (7168K)
 Metaspace       used 33570K, committed 33856K, reserved 1114112K
  class space    used 3602K, committed 3712K, reserved 1048576K
}
Event: 5.917 GC heap after
{Heap after GC invocations=9 (full 0):
 garbage-first heap   total 272384K, used 105472K [0x0000000080000000, 0x0000000100000000)
  region size 1024K, 1 young (1024K), 1 survivors (1024K)
 Metaspace       used 33570K, committed 33856K, reserved 1114112K
  class space    used 3602K, committed 3712K, reserved 1048576K
}
Event: 6.046 GC heap before
{Heap before GC invocations=9 (full 0):
 garbage-first heap   total 272384K, used 117760K [0x0000000080000000, 0x0000000100000000)
  region size 1024K, 13 young (13312K), 1 survivors (1024K)
 Metaspace       used 33619K, committed 33920K, reserved 1114112K
  class space    used 3598K, committed 3712K, reserved 1048576K
}
Event: 6.053 GC heap after
{Heap after GC invocations=10 (full 0):
 garbage-first heap   total 272384K, used 111104K [0x0000000080000000, 0x0000000100000000)
  region size 1024K, 2 young (2048K), 2 survivors (2048K)
 Metaspace       used 33619K, committed 33920K, reserved 1114112K
  class space    used 3598K, committed 3712K, reserved 1048576K
}
Event: 6.382 GC heap before
{Heap before GC invocations=11 (full 0):
 garbage-first heap   total 272384K, used 167424K [0x0000000080000000, 0x0000000100000000)
  region size 1024K, 57 young (58368K), 2 survivors (2048K)
 Metaspace       used 33783K, committed 34048K, reserved 1114112K
  class space    used 3606K, committed 3712K, reserved 1048576K
}
Event: 6.403 GC heap after
{Heap after GC invocations=12 (full 0):
 garbage-first heap   total 272384K, used 137216K [0x0000000080000000, 0x0000000100000000)
  region size 1024K, 8 young (8192K), 8 survivors (8192K)
 Metaspace       used 33783K, committed 34048K, reserved 1114112K
  class space    used 3606K, committed 3712K, reserved 1048576K
}
Event: 6.577 GC heap before
{Heap before GC invocations=12 (full 0):
 garbage-first heap   total 272384K, used 188416K [0x0000000080000000, 0x0000000100000000)
  region size 1024K, 59 young (60416K), 8 survivors (8192K)
 Metaspace       used 33784K, committed 34048K, reserved 1114112K
  class space    used 3606K, committed 3712K, reserved 1048576K
}
Event: 6.609 GC heap after
{Heap after GC invocations=13 (full 0):
 garbage-first heap   total 272384K, used 160768K [0x0000000080000000, 0x0000000100000000)
  region size 1024K, 8 young (8192K), 8 survivors (8192K)
 Metaspace       used 33784K, committed 34048K, reserved 1114112K
  class space    used 3606K, committed 3712K, reserved 1048576K
}
Event: 6.955 GC heap before
{Heap before GC invocations=14 (full 0):
 garbage-first heap   total 309248K, used 202752K [0x0000000080000000, 0x0000000100000000)
  region size 1024K, 49 young (50176K), 8 survivors (8192K)
 Metaspace       used 33795K, committed 34048K, reserved 1114112K
  class space    used 3606K, committed 3712K, reserved 1048576K
}
Event: 6.975 GC heap after
{Heap after GC invocations=15 (full 0):
 garbage-first heap   total 309248K, used 179200K [0x0000000080000000, 0x0000000100000000)
  region size 1024K, 7 young (7168K), 7 survivors (7168K)
 Metaspace       used 33795K, committed 34048K, reserved 1114112K
  class space    used 3606K, committed 3712K, reserved 1048576K
}
Event: 7.062 GC heap before
{Heap before GC invocations=15 (full 0):
 garbage-first heap   total 309248K, used 185344K [0x0000000080000000, 0x0000000100000000)
  region size 1024K, 14 young (14336K), 7 survivors (7168K)
 Metaspace       used 33800K, committed 34048K, reserved 1114112K
  class space    used 3606K, committed 3712K, reserved 1048576K
}
Event: 7.076 GC heap after
{Heap after GC invocations=16 (full 0):
 garbage-first heap   total 309248K, used 183296K [0x0000000080000000, 0x0000000100000000)
  region size 1024K, 3 young (3072K), 3 survivors (3072K)
 Metaspace       used 33800K, committed 34048K, reserved 1114112K
  class space    used 3606K, committed 3712K, reserved 1048576K
}
Event: 7.819 GC heap before
{Heap before GC invocations=17 (full 0):
 garbage-first heap   total 357376K, used 254976K [0x0000000080000000, 0x0000000100000000)
  region size 1024K, 49 young (50176K), 3 survivors (3072K)
 Metaspace       used 36529K, committed 36736K, reserved 1114112K
  class space    used 3875K, committed 3968K, reserved 1048576K
}
Event: 7.838 GC heap after
{Heap after GC invocations=18 (full 0):
 garbage-first heap   total 357376K, used 203259K [0x0000000080000000, 0x0000000100000000)
  region size 1024K, 7 young (7168K), 7 survivors (7168K)
 Metaspace       used 36529K, committed 36736K, reserved 1114112K
  class space    used 3875K, committed 3968K, reserved 1048576K
}
Event: 7.893 GC heap before
{Heap before GC invocations=18 (full 0):
 garbage-first heap   total 357376K, used 213499K [0x0000000080000000, 0x0000000100000000)
  region size 1024K, 17 young (17408K), 7 survivors (7168K)
 Metaspace       used 36563K, committed 36800K, reserved 1114112K
  class space    used 3875K, committed 3968K, reserved 1048576K
}

Dll operation events (1 events):
Event: 0.951 Loaded shared library D:\New folder\IntelliJ IDEA 2024.1\jbr\bin\java.dll

Deoptimization events (20 events):
Event: 7.641 Thread 0x0000019a565cf6a0 Uncommon trap: trap_request=0xffffffc6 fr.pc=0x0000019a431c9204 relative=0x00000000000010a4
Event: 7.641 Thread 0x0000019a565cf6a0 Uncommon trap: reason=bimorphic_or_optimized_type_check action=maybe_recompile pc=0x0000019a431c9204 method=com.oracle.truffle.js.parser.env.Environment$VarRef.hasBeenDeclared()Z @ 1 c2
Event: 7.641 Thread 0x0000019a565cf6a0 DEOPT PACKING pc=0x0000019a431c9204 sp=0x0000007a111f96a0
Event: 7.641 Thread 0x0000019a565cf6a0 DEOPT UNPACKING pc=0x0000019a42a6a1a3 sp=0x0000007a111f9610 mode 2
Event: 7.781 Thread 0x0000019a565f6140 Uncommon trap: trap_request=0xffffffc6 fr.pc=0x0000019a431b5d5c relative=0x000000000000041c
Event: 7.781 Thread 0x0000019a565f6140 Uncommon trap: reason=bimorphic_or_optimized_type_check action=maybe_recompile pc=0x0000019a431b5d5c method=com.oracle.truffle.js.nodes.access.ArrayLiteralNode.resolveConstants([Lcom/oracle/truffle/js/nodes/JavaScriptNode;)[Ljava/lang/Object; @ 31 c2
Event: 7.781 Thread 0x0000019a565f6140 DEOPT PACKING pc=0x0000019a431b5d5c sp=0x0000007a112fbbd0
Event: 7.781 Thread 0x0000019a565f6140 DEOPT UNPACKING pc=0x0000019a42a6a1a3 sp=0x0000007a112fbb80 mode 2
Event: 7.781 Thread 0x0000019a565f6140 Uncommon trap: trap_request=0xffffffc6 fr.pc=0x0000019a431b5d5c relative=0x000000000000041c
Event: 7.781 Thread 0x0000019a565f6140 Uncommon trap: reason=bimorphic_or_optimized_type_check action=maybe_recompile pc=0x0000019a431b5d5c method=com.oracle.truffle.js.nodes.access.ArrayLiteralNode.resolveConstants([Lcom/oracle/truffle/js/nodes/JavaScriptNode;)[Ljava/lang/Object; @ 31 c2
Event: 7.781 Thread 0x0000019a565f6140 DEOPT PACKING pc=0x0000019a431b5d5c sp=0x0000007a112fbbd0
Event: 7.781 Thread 0x0000019a565f6140 DEOPT UNPACKING pc=0x0000019a42a6a1a3 sp=0x0000007a112fbb80 mode 2
Event: 7.781 Thread 0x0000019a565f6140 Uncommon trap: trap_request=0xffffffc6 fr.pc=0x0000019a431b5d5c relative=0x000000000000041c
Event: 7.781 Thread 0x0000019a565f6140 Uncommon trap: reason=bimorphic_or_optimized_type_check action=maybe_recompile pc=0x0000019a431b5d5c method=com.oracle.truffle.js.nodes.access.ArrayLiteralNode.resolveConstants([Lcom/oracle/truffle/js/nodes/JavaScriptNode;)[Ljava/lang/Object; @ 31 c2
Event: 7.781 Thread 0x0000019a565f6140 DEOPT PACKING pc=0x0000019a431b5d5c sp=0x0000007a112fbbd0
Event: 7.781 Thread 0x0000019a565f6140 DEOPT UNPACKING pc=0x0000019a42a6a1a3 sp=0x0000007a112fbb80 mode 2
Event: 7.781 Thread 0x0000019a565f6140 Uncommon trap: trap_request=0xffffffc6 fr.pc=0x0000019a431b5d5c relative=0x000000000000041c
Event: 7.781 Thread 0x0000019a565f6140 Uncommon trap: reason=bimorphic_or_optimized_type_check action=maybe_recompile pc=0x0000019a431b5d5c method=com.oracle.truffle.js.nodes.access.ArrayLiteralNode.resolveConstants([Lcom/oracle/truffle/js/nodes/JavaScriptNode;)[Ljava/lang/Object; @ 31 c2
Event: 7.781 Thread 0x0000019a565f6140 DEOPT PACKING pc=0x0000019a431b5d5c sp=0x0000007a112fbbd0
Event: 7.781 Thread 0x0000019a565f6140 DEOPT UNPACKING pc=0x0000019a42a6a1a3 sp=0x0000007a112fbb80 mode 2

Classes unloaded (6 events):
Event: 6.035 Thread 0x0000019a51d5e040 Unloading class 0x0000000100380000 'java/lang/invoke/LambdaForm$DMH+0x0000000100380000'
Event: 6.035 Thread 0x0000019a51d5e040 Unloading class 0x00000001002b9800 'java/lang/invoke/LambdaForm$MH+0x00000001002b9800'
Event: 6.035 Thread 0x0000019a51d5e040 Unloading class 0x00000001002b8800 'java/lang/invoke/LambdaForm$DMH+0x00000001002b8800'
Event: 6.035 Thread 0x0000019a51d5e040 Unloading class 0x000000010020d800 'jdk/internal/reflect/GeneratedSerializationConstructorAccessor8'
Event: 6.035 Thread 0x0000019a51d5e040 Unloading class 0x000000010020cc00 'jdk/internal/reflect/GeneratedSerializationConstructorAccessor6'
Event: 6.035 Thread 0x0000019a51d5e040 Unloading class 0x000000010020c000 'jdk/internal/reflect/GeneratedSerializationConstructorAccessor2'

Classes redefined (0 events):
No events

Internal exceptions (20 events):
Event: 2.549 Thread 0x0000019a3657ce20 Exception <a 'java/lang/IncompatibleClassChangeError'{0x0000000087b5fce0}: Found class java.lang.Object, but interface was expected> (0x0000000087b5fce0) 
thrown [s\src\hotspot\share\interpreter\linkResolver.cpp, line 838]
Event: 2.549 Thread 0x0000019a3657ce20 Exception <a 'java/lang/IncompatibleClassChangeError'{0x0000000087b60c98}: Found class java.lang.Object, but interface was expected> (0x0000000087b60c98) 
thrown [s\src\hotspot\share\interpreter\linkResolver.cpp, line 838]
Event: 2.549 Thread 0x0000019a3657ce20 Exception <a 'java/lang/IncompatibleClassChangeError'{0x0000000087b61d70}: Found class java.lang.Object, but interface was expected> (0x0000000087b61d70) 
thrown [s\src\hotspot\share\interpreter\linkResolver.cpp, line 838]
Event: 2.549 Thread 0x0000019a3657ce20 Exception <a 'java/lang/IncompatibleClassChangeError'{0x0000000087b63230}: Found class java.lang.Object, but interface was expected> (0x0000000087b63230) 
thrown [s\src\hotspot\share\interpreter\linkResolver.cpp, line 838]
Event: 2.549 Thread 0x0000019a3657ce20 Exception <a 'java/lang/NoSuchMethodError'{0x0000000087b65f20}: 'void java.lang.invoke.DirectMethodHandle$Holder.invokeStatic(java.lang.Object, java.lang.Object)'> (0x0000000087b65f20) 
thrown [s\src\hotspot\share\interpreter\linkResolver.cpp, line 771]
Event: 2.550 Thread 0x0000019a3657ce20 Exception <a 'java/lang/NoSuchMethodError'{0x0000000087b69668}: 'void java.lang.invoke.DirectMethodHandle$Holder.invokeStaticInit(java.lang.Object, java.lang.Object)'> (0x0000000087b69668) 
thrown [s\src\hotspot\share\interpreter\linkResolver.cpp, line 771]
Event: 2.575 Thread 0x0000019a3657ce20 Exception <a 'java/lang/NoSuchMethodError'{0x0000000087afc6c8}: 'java.lang.Object java.lang.invoke.DirectMethodHandle$Holder.invokeStaticInit(java.lang.Object)'> (0x0000000087afc6c8) 
thrown [s\src\hotspot\share\interpreter\linkResolver.cpp, line 771]
Event: 2.601 Thread 0x0000019a3657ce20 Exception <a 'java/lang/NoSuchMethodError'{0x000000008785b5e8}: 'java.lang.Object java.lang.invoke.DirectMethodHandle$Holder.invokeStaticInit(java.lang.Object, int, int, int, int)'> (0x000000008785b5e8) 
thrown [s\src\hotspot\share\interpreter\linkResolver.cpp, line 771]
Event: 2.648 Thread 0x0000019a565cf6a0 Exception <a 'sun/nio/fs/WindowsException'{0x0000000087682880}> (0x0000000087682880) 
thrown [s\src\hotspot\share\prims\jni.cpp, line 531]
Event: 2.708 Thread 0x0000019a3657ce20 Exception <a 'java/lang/NoSuchMethodError'{0x000000008735e0f8}: 'java.lang.Object java.lang.invoke.DirectMethodHandle$Holder.invokeStaticInit(java.lang.Object, java.lang.Object, int, int, int, int)'> (0x000000008735e0f8) 
thrown [s\src\hotspot\share\interpreter\linkResolver.cpp, line 771]
Event: 2.759 Thread 0x0000019a565cf6a0 Exception <a 'java/lang/NoSuchMethodError'{0x0000000086ec4be0}: 'void java.lang.invoke.DirectMethodHandle$Holder.invokeSpecial(java.lang.Object, java.lang.Object, java.lang.Object)'> (0x0000000086ec4be0) 
thrown [s\src\hotspot\share\interpreter\linkResolver.cpp, line 771]
Event: 2.914 Thread 0x0000019a3657ce20 Exception <a 'java/lang/NoSuchMethodError'{0x0000000087d286e8}: 'java.lang.Object java.lang.invoke.Invokers$Holder.linkToTargetMethod(java.lang.Object, long, java.lang.Object)'> (0x0000000087d286e8) 
thrown [s\src\hotspot\share\interpreter\linkResolver.cpp, line 771]
Event: 3.789 Thread 0x0000019a571c4e00 Exception <a 'java/lang/NoSuchMethodError'{0x0000000087ea55b8}: static [B.<clinit>()V> (0x0000000087ea55b8) 
thrown [s\src\hotspot\share\prims\jni.cpp, line 1122]
Event: 3.839 Thread 0x0000019a571c43e0 Exception <a 'java/lang/NoSuchMethodError'{0x0000000087d33d20}: static [Ljava/rmi/server/ObjID;.<clinit>()V> (0x0000000087d33d20) 
thrown [s\src\hotspot\share\prims\jni.cpp, line 1122]
Event: 3.840 Thread 0x0000019a565f6140 Exception <a 'java/lang/NoSuchMethodError'{0x0000000087ca9658}: 'java.lang.Object java.lang.invoke.DirectMethodHandle$Holder.invokeStaticInit(java.lang.Object, java.lang.Object, java.lang.Object)'> (0x0000000087ca9658) 
thrown [s\src\hotspot\share\interpreter\linkResolver.cpp, line 771]
Event: 3.843 Thread 0x0000019a571c43e0 Exception <a 'java/lang/NoSuchMethodError'{0x0000000087d3b570}: 'void java.lang.invoke.Invokers$Holder.invoke_MT(java.lang.Object, java.lang.Object, java.lang.Object)'> (0x0000000087d3b570) 
thrown [s\src\hotspot\share\interpreter\linkResolver.cpp, line 771]
Event: 3.943 Thread 0x0000019a571c43e0 Exception <a 'java/lang/NoSuchMethodError'{0x00000000874bfc40}: 'java.lang.Object java.lang.invoke.DirectMethodHandle$Holder.invokeInterface(java.lang.Object, java.lang.Object)'> (0x00000000874bfc40) 
thrown [s\src\hotspot\share\interpreter\linkResolver.cpp, line 771]
Event: 4.551 Thread 0x0000019a565f6140 Exception <a 'java/lang/NoSuchMethodError'{0x0000000085de1330}: 'java.lang.Object java.lang.invoke.DirectMethodHandle$Holder.invokeVirtual(java.lang.Object, java.lang.Object, java.lang.Object)'> (0x0000000085de1330) 
thrown [s\src\hotspot\share\interpreter\linkResolver.cpp, line 771]
Event: 4.551 Thread 0x0000019a565cf6a0 Exception <a 'java/lang/NoSuchMethodError'{0x0000000085c0f770}: 'java.lang.Object java.lang.invoke.DirectMethodHandle$Holder.invokeVirtual(java.lang.Object, java.lang.Object, java.lang.Object)'> (0x0000000085c0f770) 
thrown [s\src\hotspot\share\interpreter\linkResolver.cpp, line 771]
Event: 7.099 Thread 0x0000019a565f6140 Implicit null exception at 0x0000019a430f5154 to 0x0000019a430f6430

VM Operations (20 events):
Event: 6.796 Executing VM operation: G1PauseRemark done
Event: 6.908 Executing VM operation: G1PauseCleanup
Event: 6.910 Executing VM operation: G1PauseCleanup done
Event: 6.955 Executing VM operation: G1CollectForAllocation
Event: 6.978 Executing VM operation: G1CollectForAllocation done
Event: 7.062 Executing VM operation: G1TryInitiateConcMark
Event: 7.085 Executing VM operation: G1TryInitiateConcMark done
Event: 7.326 Executing VM operation: HandshakeAllThreads
Event: 7.327 Executing VM operation: HandshakeAllThreads done
Event: 7.332 Executing VM operation: G1PauseRemark
Event: 7.334 Executing VM operation: G1PauseRemark done
Event: 7.451 Executing VM operation: G1PauseCleanup
Event: 7.451 Executing VM operation: G1PauseCleanup done
Event: 7.665 Executing VM operation: ICBufferFull
Event: 7.665 Executing VM operation: ICBufferFull done
Event: 7.771 Executing VM operation: HandshakeAllThreads
Event: 7.771 Executing VM operation: HandshakeAllThreads done
Event: 7.817 Executing VM operation: G1CollectForAllocation
Event: 7.839 Executing VM operation: G1CollectForAllocation done
Event: 7.893 Executing VM operation: G1CollectForAllocation

Events (20 events):
Event: 4.606 loading class java/util/function/ToIntFunction done
Event: 4.619 loading class java/util/AbstractList$RandomAccessSubList
Event: 4.619 loading class java/util/AbstractList$SubList
Event: 4.619 loading class java/util/AbstractList$SubList done
Event: 4.619 loading class java/util/AbstractList$RandomAccessSubList done
Event: 4.620 loading class java/util/AbstractList$SubList$1
Event: 4.620 loading class java/util/AbstractList$SubList$1 done
Event: 4.634 loading class java/time/temporal/UnsupportedTemporalTypeException
Event: 4.634 loading class java/time/temporal/UnsupportedTemporalTypeException done
Event: 4.809 loading class java/util/concurrent/ThreadLocalRandom
Event: 4.810 loading class java/util/concurrent/ThreadLocalRandom done
Event: 4.835 Thread 0x0000019a57dc7440 Thread added: 0x0000019a57dc7440
Event: 6.167 loading class jdk/internal/math/FDBigInteger
Event: 6.172 loading class jdk/internal/math/FDBigInteger done
Event: 7.326 loading class java/util/ArrayList$ListItr
Event: 7.326 loading class java/util/ArrayList$ListItr done
Event: 7.329 loading class java/util/ImmutableCollections$SubList
Event: 7.330 loading class java/util/ImmutableCollections$SubList done
Event: 7.332 loading class java/util/function/UnaryOperator
Event: 7.332 loading class java/util/function/UnaryOperator done


Dynamic libraries:
0x00007ff695a80000 - 0x00007ff695a8a000 	D:\New folder\IntelliJ IDEA 2024.1\jbr\bin\java.exe
0x00007ff89b130000 - 0x00007ff89b346000 	C:\WINDOWS\SYSTEM32\ntdll.dll
0x00007ff89a3f0000 - 0x00007ff89a4b4000 	C:\WINDOWS\System32\KERNEL32.DLL
0x00007ff898480000 - 0x00007ff898827000 	C:\WINDOWS\System32\KERNELBASE.dll
0x00007ff898c20000 - 0x00007ff898d31000 	C:\WINDOWS\System32\ucrtbase.dll
0x00007ff8903b0000 - 0x00007ff8903c7000 	D:\New folder\IntelliJ IDEA 2024.1\jbr\bin\jli.dll
0x00007ff89a540000 - 0x00007ff89a6ee000 	C:\WINDOWS\System32\USER32.dll
0x00007ff898450000 - 0x00007ff898476000 	C:\WINDOWS\System32\win32u.dll
0x00007ff89ab10000 - 0x00007ff89ab39000 	C:\WINDOWS\System32\GDI32.dll
0x00007ff8989a0000 - 0x00007ff898ab9000 	C:\WINDOWS\System32\gdi32full.dll
0x00007ff898b80000 - 0x00007ff898c1a000 	C:\WINDOWS\System32\msvcp_win.dll
0x00007ff8845c0000 - 0x00007ff884853000 	C:\WINDOWS\WinSxS\amd64_microsoft.windows.common-controls_6595b64144ccf1df_6.0.22621.3235_none_270f74e173860f98\COMCTL32.dll
0x00007ff89ab40000 - 0x00007ff89abe7000 	C:\WINDOWS\System32\msvcrt.dll
0x00007ff880800000 - 0x00007ff88081b000 	D:\New folder\IntelliJ IDEA 2024.1\jbr\bin\VCRUNTIME140.dll
0x00007ff899630000 - 0x00007ff899661000 	C:\WINDOWS\System32\IMM32.DLL
0x00007ff8842f0000 - 0x00007ff8842fc000 	D:\New folder\IntelliJ IDEA 2024.1\jbr\bin\vcruntime140_1.dll
0x00007ff859370000 - 0x00007ff8593fd000 	D:\New folder\IntelliJ IDEA 2024.1\jbr\bin\msvcp140.dll
0x00007ff811820000 - 0x00007ff8124a2000 	D:\New folder\IntelliJ IDEA 2024.1\jbr\bin\server\jvm.dll
0x00007ff899710000 - 0x00007ff8997c2000 	C:\WINDOWS\System32\ADVAPI32.dll
0x00007ff89abf0000 - 0x00007ff89ac98000 	C:\WINDOWS\System32\sechost.dll
0x00007ff898e30000 - 0x00007ff898e58000 	C:\WINDOWS\System32\bcrypt.dll
0x00007ff89aca0000 - 0x00007ff89adb5000 	C:\WINDOWS\System32\RPCRT4.dll
0x00007ff897cb0000 - 0x00007ff897cfd000 	C:\WINDOWS\SYSTEM32\POWRPROF.dll
0x00007ff878800000 - 0x00007ff878809000 	C:\WINDOWS\SYSTEM32\WSOCK32.dll
0x00007ff89a4c0000 - 0x00007ff89a531000 	C:\WINDOWS\System32\WS2_32.dll
0x00007ff88c260000 - 0x00007ff88c294000 	C:\WINDOWS\SYSTEM32\WINMM.dll
0x00007ff88d930000 - 0x00007ff88d93a000 	C:\WINDOWS\SYSTEM32\VERSION.dll
0x00007ff897c50000 - 0x00007ff897c63000 	C:\WINDOWS\SYSTEM32\UMPDC.dll
0x00007ff897460000 - 0x00007ff897478000 	C:\WINDOWS\SYSTEM32\kernel.appcore.dll
0x00007ff8952d0000 - 0x00007ff8952da000 	D:\New folder\IntelliJ IDEA 2024.1\jbr\bin\jimage.dll
0x00007ff8958d0000 - 0x00007ff895b03000 	C:\WINDOWS\SYSTEM32\DBGHELP.DLL
0x00007ff89a780000 - 0x00007ff89ab08000 	C:\WINDOWS\System32\combase.dll
0x00007ff899020000 - 0x00007ff8990f7000 	C:\WINDOWS\System32\OLEAUT32.dll
0x00007ff87d930000 - 0x00007ff87d962000 	C:\WINDOWS\SYSTEM32\dbgcore.DLL
0x00007ff898d40000 - 0x00007ff898db9000 	C:\WINDOWS\System32\bcryptPrimitives.dll
0x00007ff890670000 - 0x00007ff890695000 	D:\New folder\IntelliJ IDEA 2024.1\jbr\bin\java.dll
0x00007ff8901a0000 - 0x00007ff8901b8000 	D:\New folder\IntelliJ IDEA 2024.1\jbr\bin\zip.dll
0x00007ff899b70000 - 0x00007ff89a3cc000 	C:\WINDOWS\System32\SHELL32.dll
0x00007ff896360000 - 0x00007ff896c59000 	C:\WINDOWS\SYSTEM32\windows.storage.dll
0x00007ff896220000 - 0x00007ff89635e000 	C:\WINDOWS\SYSTEM32\wintypes.dll
0x00007ff89aff0000 - 0x00007ff89b0e3000 	C:\WINDOWS\System32\SHCORE.dll
0x00007ff899b10000 - 0x00007ff899b6e000 	C:\WINDOWS\System32\shlwapi.dll
0x00007ff898380000 - 0x00007ff8983a1000 	C:\WINDOWS\SYSTEM32\profapi.dll
0x00007ff88e470000 - 0x00007ff88e489000 	D:\New folder\IntelliJ IDEA 2024.1\jbr\bin\net.dll
0x00007ff88e2f0000 - 0x00007ff88e426000 	C:\WINDOWS\SYSTEM32\WINHTTP.dll
0x00007ff897930000 - 0x00007ff897999000 	C:\WINDOWS\system32\mswsock.dll
0x00007ff88dcd0000 - 0x00007ff88dce6000 	D:\New folder\IntelliJ IDEA 2024.1\jbr\bin\nio.dll
0x00007ff896eb0000 - 0x00007ff896edd000 	C:\WINDOWS\SYSTEM32\IPHLPAPI.DLL
0x00007ff89a3d0000 - 0x00007ff89a3d9000 	C:\WINDOWS\System32\NSI.dll
0x00007ff88df40000 - 0x00007ff88df59000 	C:\WINDOWS\SYSTEM32\dhcpcsvc6.DLL
0x00007ff88df20000 - 0x00007ff88df3f000 	C:\WINDOWS\SYSTEM32\dhcpcsvc.DLL
0x00007ff896ee0000 - 0x00007ff896fd9000 	C:\WINDOWS\SYSTEM32\DNSAPI.dll
0x00007ff897b60000 - 0x00007ff897b7b000 	C:\WINDOWS\SYSTEM32\CRYPTSP.dll
0x00007ff8973b0000 - 0x00007ff8973e5000 	C:\WINDOWS\system32\rsaenh.dll
0x00007ff8979f0000 - 0x00007ff897a18000 	C:\WINDOWS\SYSTEM32\USERENV.dll
0x00007ff897b80000 - 0x00007ff897b8c000 	C:\WINDOWS\SYSTEM32\CRYPTBASE.dll
0x00007ff88dcb0000 - 0x00007ff88dcb9000 	D:\New folder\IntelliJ IDEA 2024.1\jbr\bin\extnet.dll
0x00007ff8842b0000 - 0x00007ff8842b7000 	D:\New folder\IntelliJ IDEA 2024.1\jbr\bin\rmi.dll

dbghelp: loaded successfully - version: 4.0.5 - missing functions: none
symbol engine: initialized successfully - sym options: 0x614 - pdb path: .;D:\New folder\IntelliJ IDEA 2024.1\jbr\bin;C:\WINDOWS\SYSTEM32;C:\WINDOWS\WinSxS\amd64_microsoft.windows.common-controls_6595b64144ccf1df_6.0.22621.3235_none_270f74e173860f98;D:\New folder\IntelliJ IDEA 2024.1\jbr\bin\server

VM Arguments:
jvm_args: -Djava.rmi.server.hostname=127.0.0.1 -Duser.timezone=UTC -Xmx2048m -Xms128m -Djdbc.classpath=D:\New folder\IntelliJ IDEA 2024.1\plugins\DatabaseTools\lib\jdbc-console.jar;C:\Users\nacha\AppData\Roaming\JetBrains\IntelliJIdea2024.1\jdbc-drivers\MongoDB\1.18\mongo-jdbc-standalone-1.18.jar --add-exports=java.desktop/sun.awt=ALL-UNNAMED --add-exports=java.desktop/java.awt.peer=ALL-UNNAMED --add-opens=java.desktop/java.awt=ALL-UNNAMED --add-opens=jdk.unsupported/sun.misc=ALL-UNNAMED --add-opens=java.base/java.nio=ALL-UNNAMED --add-opens=java.base/java.util=ALL-UNNAMED -Dfile.encoding=UTF-8 
java_command: com.intellij.database.remote.RemoteJdbcServer com.dbschema.MongoJdbcDriver
java_class_path (initial): D:\New folder\IntelliJ IDEA 2024.1\lib\util_rt.jar;D:\New folder\IntelliJ IDEA 2024.1\lib\util-8.jar;D:\New folder\IntelliJ IDEA 2024.1\lib\groovy.jar;D:\New folder\IntelliJ IDEA 2024.1\plugins\DatabaseTools\lib\jdbc-console.jar;D:\New folder\IntelliJ IDEA 2024.1\plugins\grid-core-impl\lib\jdbc-console-types.jar;D:\New folder\IntelliJ IDEA 2024.1\lib\util.jar
Launcher Type: SUN_STANDARD

[Global flags]
     intx CICompilerCount                          = 3                                         {product} {ergonomic}
     uint ConcGCThreads                            = 1                                         {product} {ergonomic}
     uint G1ConcRefinementThreads                  = 4                                         {product} {ergonomic}
   size_t G1HeapRegionSize                         = 1048576                                   {product} {ergonomic}
    uintx GCDrainStackTargetSize                   = 64                                        {product} {ergonomic}
   size_t InitialHeapSize                          = 134217728                                 {product} {command line}
   size_t MarkStackSize                            = 4194304                                   {product} {ergonomic}
   size_t MaxHeapSize                              = 2147483648                                {product} {command line}
   size_t MaxNewSize                               = 1287651328                                {product} {ergonomic}
   size_t MinHeapDeltaBytes                        = 1048576                                   {product} {ergonomic}
   size_t MinHeapSize                              = 134217728                                 {product} {command line}
    uintx NonNMethodCodeHeapSize                   = 5832780                                {pd product} {ergonomic}
    uintx NonProfiledCodeHeapSize                  = 122912730                              {pd product} {ergonomic}
    uintx ProfiledCodeHeapSize                     = 122912730                              {pd product} {ergonomic}
    uintx ReservedCodeCacheSize                    = 251658240                              {pd product} {ergonomic}
     bool SegmentedCodeCache                       = true                                      {product} {ergonomic}
   size_t SoftMaxHeapSize                          = 2147483648                             {manageable} {ergonomic}
     bool UseCompressedClassPointers               = true                           {product lp64_product} {ergonomic}
     bool UseCompressedOops                        = true                           {product lp64_product} {ergonomic}
     bool UseG1GC                                  = true                                      {product} {ergonomic}
     bool UseLargePagesIndividualAllocation        = false                                  {pd product} {ergonomic}

Logging:
Log output configuration:
 #0: stdout all=warning uptime,level,tags
 #1: stderr all=off uptime,level,tags

Environment Variables:
JAVA_HOME=C:\Program Files\Java\jre1.8.0_361
PATH=C:\Python311\Scripts\;C:\Python311\;C:\Program Files (x86)\Common Files\Oracle\Java\javapath;C:\WINDOWS\system32;C:\WINDOWS;C:\WINDOWS\System32\Wbem;C:\WINDOWS\System32\WindowsPowerShell\v1.0\;C:\WINDOWS\System32\OpenSSH\;C:\Program Files\Azure Data Studio\bin;C:\Program Files\Microsoft SQL Server\Client SDK\ODBC\170\Tools\Binn\;C:\Program Files (x86)\Microsoft SQL Server\150\Tools\Binn\;C:\Program Files\Microsoft SQL Server\150\Tools\Binn\;C:\Program Files\Microsoft SQL Server\150\DTS\Binn\;C:\Program Files\Java\jre1.8.0_361\bin;C:\Program Files (x86)\Microsoft SQL Server\160\Tools\Binn\;C:\Program Files\Microsoft SQL Server\160\Tools\Binn\;C:\Program Files\Microsoft SQL Server\160\DTS\Binn\;C:\ProgramData\chocolatey\bin;C:\Program Files\Git\cmd;C:\Program Files\Java\jdk-1.8\bin;D:\Nodejs\;C:\Program Files\MongoDB\Server\7.0\bin;;C:\Program Files\Docker\Docker\resources\bin;C:\Program Files\MySQL\MySQL Shell 8.0\bin\;C:\Users\nacha\AppData\Local\Microsoft\WindowsApps;C:\Program Files\Azure Data Studio\bin;C:\Program Files\JetBrains\IntelliJ IDEA Community Edition 2022.3.1\bin;;D:\Microsoft VS Code\bin;C:\Users\nacha\AppData\Local\GitHubDesktop\bin;C:\Users\nacha\AppData\Roaming\npm;D:\New folder\IntelliJ IDEA 2024.1\bin;;C:\Users\nacha\AppData\Local\Programs\mongosh\
USERNAME=Chathuni
OS=Windows_NT
PROCESSOR_IDENTIFIER=Intel64 Family 6 Model 140 Stepping 1, GenuineIntel
TMP=C:\Users\nacha\AppData\Local\Temp
TEMP=C:\Users\nacha\AppData\Local\Temp



Periodic native trim disabled

JNI global refs:
JNI global refs: 18, weak refs: 22

JNI global refs memory usage: 843, weak refs: 841

OOME stack traces (most recent first):
Classloader memory used:
Loader com.intellij.database.remote.jdbc.impl.JdbcClassLoader$JdbcClassLoaderImpl      : 2540K
Loader bootstrap                                                                       : 1842K
Loader jdk.internal.loader.ClassLoaders$AppClassLoader                                 : 148K
Loader jdk.internal.loader.ClassLoaders$PlatformClassLoader                            : 30698B
Loader jdk.internal.reflect.DelegatingClassLoader                                      : 9506B


---------------  S Y S T E M  ---------------

OS:
 Windows 11 , 64 bit Build 22621 (10.0.22621.3374)
OS uptime: 3 days 16:36 hours
Hyper-V role detected

CPU: total 4 (initial active 4) (2 cores per cpu, 2 threads per core) family 6 model 140 stepping 1 microcode 0x86, cx8, cmov, fxsr, ht, mmx, 3dnowpref, sse, sse2, sse3, ssse3, sse4.1, sse4.2, popcnt, lzcnt, tsc, tscinvbit, avx, avx2, aes, erms, clmul, bmi1, bmi2, adx, avx512f, avx512dq, avx512cd, avx512bw, avx512vl, sha, fma, vzeroupper, avx512_vpopcntdq, avx512_vpclmulqdq, avx512_vaes, avx512_vnni, clflush, clflushopt, clwb, avx512_vbmi2, avx512_vbmi, hv
Processor Information for all 4 processors :
  Max Mhz: 2995, Current Mhz: 2995, Mhz Limit: 2995

Memory: 4k page, system-wide physical 20162M (2949M free)
TotalPageFile size 29274M (AvailPageFile size 304M)
current process WorkingSet (physical memory assigned to process): 455M, peak: 460M
current process commit charge ("private bytes"): 495M, peak: 835M

vm_info: OpenJDK 64-Bit Server VM (17.0.10+8-b1207.12) for windows-amd64 JRE (17.0.10+8-b1207.12), built on 2024-03-15 by "builduser" with MS VC++ 16.10 / 16.11 (VS2019)

END.
